<?xml version="1.0" encoding="UTF-8"?>
<testsuite name="com.kodilla.spring.calculator.CalculatorTestSuite" tests="1" skipped="0" failures="0" errors="0" timestamp="2020-12-17T17:57:52" hostname="LAPTOP-B9UVV4I7" time="1.022">
  <properties/>
  <testcase name="testAddCalculator" classname="com.kodilla.spring.calculator.CalculatorTestSuite" time="1.022"/>
  <system-out><![CDATA[18:57:52.850 [Test worker] DEBUG org.springframework.core.env.StandardEnvironment - Adding PropertySource 'systemProperties' with lowest search precedence
18:57:52.856 [Test worker] DEBUG org.springframework.core.env.StandardEnvironment - Adding PropertySource 'systemEnvironment' with lowest search precedence
18:57:52.857 [Test worker] DEBUG org.springframework.core.env.StandardEnvironment - Initialized StandardEnvironment with PropertySources [MapPropertySource@151495407 {name='systemProperties', properties={java.runtime.name=Java(TM) SE Runtime Environment, sun.boot.library.path=C:\Program Files\Java\jdk1.8.0_231\jre\bin, java.vm.version=25.231-b11, java.vm.vendor=Oracle Corporation, java.vendor.url=http://java.oracle.com/, path.separator=;, java.vm.name=Java HotSpot(TM) 64-Bit Server VM, file.encoding.pkg=sun.io, user.script=, sun.java.launcher=SUN_STANDARD, user.country=PL, sun.os.patch.level=, java.vm.specification.name=Java Virtual Machine Specification, user.dir=C:\Users\norbe\Desktop\kodilla-coursev2\kodilla-spring, java.runtime.version=1.8.0_231-b11, java.awt.graphicsenv=sun.awt.Win32GraphicsEnvironment, java.endorsed.dirs=C:\Program Files\Java\jdk1.8.0_231\jre\lib\endorsed, os.arch=amd64, java.io.tmpdir=C:\Users\norbe\AppData\Local\Temp\, line.separator=
, java.vm.specification.vendor=Oracle Corporation, user.variant=, os.name=Windows 10, sun.jnu.encoding=Cp1250, java.library.path=C:\Program Files\Java\jdk1.8.0_231\bin;C:\WINDOWS\Sun\Java\bin;C:\WINDOWS\system32;C:\WINDOWS;C:\Program Files (x86)\Common Files\Oracle\Java\javapath;C:\Program Files\Common Files\Oracle\Java\javapath;C:\Program Files\Java\jdk1.8.0_231\bin;C:\gradle-5.6.3\bin;C:\Windows\system32;C:\Windows;C:\Windows\System32\Wbem;C:\Windows\System32\WindowsPowerShell\v1.0\;C:\Windows\System32\OpenSSH\;C:\Program Files (x86)\Intel\Intel(R) Management Engine Components\DAL;C:\Program Files\Intel\Intel(R) Management Engine Components\DAL;C:\Program Files (x86)\NVIDIA Corporation\PhysX\Common;C:\Program Files\NVIDIA Corporation\NVIDIA NvDLISR;C:\Program Files\Git\cmd;C:\Program Files\Git\mingw64\bin;C:\Program Files\Git\usr\bin;C:\Program Files\Java\jre1.8.0_231\bin;;C:\WINDOWS\system32;C:\WINDOWS;C:\WINDOWS\System32\Wbem;C:\WINDOWS\System32\WindowsPowerShell\v1.0\;C:\WINDOWS\System32\OpenSSH\;c:\users\norbe\desktop\bmw driver\ediabas\bin;C:\Program Files (x86)\Common Files\Oracle\Java\javapath;C:\Program Files\Common Files\Oracle\Java\javapath;C:\Program Files\Java\jdk1.8.0_231\bin;C:\gradle-5.6.3\bin;C:\Windows\system32;C:\Windows;C:\Windows\System32\Wbem;C:\Windows\System32\WindowsPowerShell\v1.0\;C:\Windows\System32\OpenSSH\;C:\Program Files (x86)\Intel\Intel(R) Management Engine Components\DAL;C:\Program Files\Intel\Intel(R) Management Engine Components\DAL;C:\Program Files (x86)\NVIDIA Corporation\PhysX\Common;C:\Program Files\NVIDIA Corporation\NVIDIA NvDLISR;C:\Program Files\Git\cmd;C:\Program Files\Git\mingw64\bin;C:\Program Files\Git\usr\bin;C:\Program Files\Java\jre1.8.0_231\bin;C:\WINDOWS\system32;C:\WINDOWS;C:\WINDOWS\System32\Wbem;C:\WINDOWS\System32\WindowsPowerShell\v1.0\;C:\WINDOWS\System32\OpenSSH\;c:\users\norbe\desktop\bmw driver\ediabas\bin;C:\Program Files\MySQL\MySQL Shell 8.0\bin\;C:\Users\norbe\AppData\Local\Microsoft\WindowsApps;C:\Users\norbe\AppData\Local\GitHubDesktop\bin;C:\Program Files\heroku\bin;., java.specification.name=Java Platform API Specification, java.class.version=52.0, org.gradle.native=false, sun.management.compiler=HotSpot 64-Bit Tiered Compilers, os.version=10.0, user.home=C:\Users\norbe, user.timezone=Europe/Belgrade, java.awt.printerjob=sun.awt.windows.WPrinterJob, file.encoding=windows-1250, java.specification.version=1.8, java.class.path=C:\Users\norbe\Desktop\kodilla-coursev2\kodilla-spring\build\classes\java\test;C:\Users\norbe\Desktop\kodilla-coursev2\kodilla-spring\build\resources\test;C:\Users\norbe\Desktop\kodilla-coursev2\kodilla-spring\build\classes\java\main;C:\Users\norbe\Desktop\kodilla-coursev2\kodilla-spring\build\resources\main;C:\Users\norbe\.gradle\caches\modules-2\files-2.1\org.springframework.boot\spring-boot-starter-test\2.0.1.RELEASE\d6204ede44fa7e1df01d25509837bfa4b767fa28\spring-boot-starter-test-2.0.1.RELEASE.jar;C:\Users\norbe\.gradle\caches\modules-2\files-2.1\org.springframework.boot\spring-boot-starter\2.0.1.RELEASE\33abc1286b0aabea4f08ff4285d09e587835a716\spring-boot-starter-2.0.1.RELEASE.jar;C:\Users\norbe\.gradle\caches\modules-2\files-2.1\org.springframework.boot\spring-boot-test-autoconfigure\2.0.1.RELEASE\c7a68c07f2a04323a67740f91d20818ec2e783b3\spring-boot-test-autoconfigure-2.0.1.RELEASE.jar;C:\Users\norbe\.gradle\caches\modules-2\files-2.1\org.springframework.boot\spring-boot-autoconfigure\2.0.1.RELEASE\b0bf9d34ed70c6987a86cd58a009065e5fa02545\spring-boot-autoconfigure-2.0.1.RELEASE.jar;C:\Users\norbe\.gradle\caches\modules-2\files-2.1\org.springframework.boot\spring-boot-test\2.0.1.RELEASE\77cede07b0e9da6c87d0dabcfe3e53ac56747d73\spring-boot-test-2.0.1.RELEASE.jar;C:\Users\norbe\.gradle\caches\modules-2\files-2.1\org.springframework.boot\spring-boot\2.0.1.RELEASE\b8c5b14cbb0e52fdded8f98a8c1493cc74c7cf59\spring-boot-2.0.1.RELEASE.jar;C:\Users\norbe\.gradle\caches\modules-2\files-2.1\org.springframework.boot\spring-boot-starter-logging\2.0.1.RELEASE\10681a28c95e9f9c0159327a1ed0c860517c7ad7\spring-boot-starter-logging-2.0.1.RELEASE.jar;C:\Users\norbe\.gradle\caches\modules-2\files-2.1\javax.annotation\javax.annotation-api\1.3.2\934c04d3cfef185a8008e7bf34331b79730a9d43\javax.annotation-api-1.3.2.jar;C:\Users\norbe\.gradle\caches\modules-2\files-2.1\org.springframework\spring-test\5.0.5.RELEASE\f7e3b83447e54056a91de1294ae6888343648dff\spring-test-5.0.5.RELEASE.jar;C:\Users\norbe\.gradle\caches\modules-2\files-2.1\org.springframework\spring-context\5.0.5.RELEASE\9cca4bf5acb693249a01c218f471c677b951d6e2\spring-context-5.0.5.RELEASE.jar;C:\Users\norbe\.gradle\caches\modules-2\files-2.1\org.springframework\spring-aop\5.0.5.RELEASE\b11b61b94d7fb752a1c9bf3461d655c3084fae47\spring-aop-5.0.5.RELEASE.jar;C:\Users\norbe\.gradle\caches\modules-2\files-2.1\org.springframework\spring-beans\5.0.5.RELEASE\984445863c0bbdaaf860615762d998b471a6bf92\spring-beans-5.0.5.RELEASE.jar;C:\Users\norbe\.gradle\caches\modules-2\files-2.1\org.springframework\spring-expression\5.0.5.RELEASE\fc6c7a95aeb7d00f4c65c338b08d97767eb0dd99\spring-expression-5.0.5.RELEASE.jar;C:\Users\norbe\.gradle\caches\modules-2\files-2.1\org.springframework\spring-core\5.0.5.RELEASE\1bd9feb1d9dac6accd27f5244b6c47cfcb55045c\spring-core-5.0.5.RELEASE.jar;C:\Users\norbe\.gradle\caches\modules-2\files-2.1\org.yaml\snakeyaml\1.19\2d998d3d674b172a588e54ab619854d073f555b5\snakeyaml-1.19.jar;C:\Users\norbe\.gradle\caches\modules-2\files-2.1\com.jayway.jsonpath\json-path\2.4.0\765a4401ceb2dc8d40553c2075eb80a8fa35c2ae\json-path-2.4.0.jar;C:\Users\norbe\.gradle\caches\modules-2\files-2.1\junit\junit\4.12\2973d150c0dc1fefe998f834810d68f278ea58ec\junit-4.12.jar;C:\Users\norbe\.gradle\caches\modules-2\files-2.1\org.assertj\assertj-core\3.9.1\c5ce126b15f28d56cd8f960c1a6a058b9c9aea87\assertj-core-3.9.1.jar;C:\Users\norbe\.gradle\caches\modules-2\files-2.1\org.mockito\mockito-core\2.15.0\b84bfbbc29cd22c9529409627af6ea2897f4fa85\mockito-core-2.15.0.jar;C:\Users\norbe\.gradle\caches\modules-2\files-2.1\org.hamcrest\hamcrest-library\1.3\4785a3c21320980282f9f33d0d1264a69040538f\hamcrest-library-1.3.jar;C:\Users\norbe\.gradle\caches\modules-2\files-2.1\org.hamcrest\hamcrest-core\1.3\42a25dc3219429f0e5d060061f71acb49bf010a0\hamcrest-core-1.3.jar;C:\Users\norbe\.gradle\caches\modules-2\files-2.1\org.skyscreamer\jsonassert\1.5.0\6c9d5fe2f59da598d9aefc1cfc6528ff3cf32df3\jsonassert-1.5.0.jar;C:\Users\norbe\.gradle\caches\modules-2\files-2.1\org.xmlunit\xmlunit-core\2.5.1\4ffdb346572a7356f7521cd3119ce5287d2e339d\xmlunit-core-2.5.1.jar;C:\Users\norbe\.gradle\caches\modules-2\files-2.1\ch.qos.logback\logback-classic\1.2.3\7c4f3c474fb2c041d8028740440937705ebb473a\logback-classic-1.2.3.jar;C:\Users\norbe\.gradle\caches\modules-2\files-2.1\org.apache.logging.log4j\log4j-to-slf4j\2.10.0\f7e631ccf49cfc0aefa4a2a728da7d374c05bd3c\log4j-to-slf4j-2.10.0.jar;C:\Users\norbe\.gradle\caches\modules-2\files-2.1\org.slf4j\jul-to-slf4j\1.7.25\af5364cd6679bfffb114f0dec8a157aaa283b76\jul-to-slf4j-1.7.25.jar;C:\Users\norbe\.gradle\caches\modules-2\files-2.1\org.springframework\spring-jcl\5.0.5.RELEASE\f4a2854b9d865e8b86717595aec16f877f8c6489\spring-jcl-5.0.5.RELEASE.jar;C:\Users\norbe\.gradle\caches\modules-2\files-2.1\net.minidev\json-smart\2.3\7396407491352ce4fa30de92efb158adb76b5b\json-smart-2.3.jar;C:\Users\norbe\.gradle\caches\modules-2\files-2.1\org.slf4j\slf4j-api\1.7.25\da76ca59f6a57ee3102f8f9bd9cee742973efa8a\slf4j-api-1.7.25.jar;C:\Users\norbe\.gradle\caches\modules-2\files-2.1\net.bytebuddy\byte-buddy\1.7.11\f02857a4e2c66ccbe7aaad6100a0a6c461bce9b3\byte-buddy-1.7.11.jar;C:\Users\norbe\.gradle\caches\modules-2\files-2.1\net.bytebuddy\byte-buddy-agent\1.7.11\b425a8933ca07edd03c6dbc8bc3b595fba9780de\byte-buddy-agent-1.7.11.jar;C:\Users\norbe\.gradle\caches\modules-2\files-2.1\org.objenesis\objenesis\2.6\639033469776fd37c08358c6b92a4761feb2af4b\objenesis-2.6.jar;C:\Users\norbe\.gradle\caches\modules-2\files-2.1\com.vaadin.external.google\android-json\0.0.20131108.vaadin1\fa26d351fe62a6a17f5cda1287c1c6110dec413f\android-json-0.0.20131108.vaadin1.jar;C:\Users\norbe\.gradle\caches\modules-2\files-2.1\ch.qos.logback\logback-core\1.2.3\864344400c3d4d92dfeb0a305dc87d953677c03c\logback-core-1.2.3.jar;C:\Users\norbe\.gradle\caches\modules-2\files-2.1\org.apache.logging.log4j\log4j-api\2.10.0\fec5797a55b786184a537abd39c3fa1449d752d6\log4j-api-2.10.0.jar;C:\Users\norbe\.gradle\caches\modules-2\files-2.1\net.minidev\accessors-smart\1.2\c592b500269bfde36096641b01238a8350f8aa31\accessors-smart-1.2.jar;C:\Users\norbe\.gradle\caches\modules-2\files-2.1\org.ow2.asm\asm\5.0.4\da08b8cce7bbf903602a25a3a163ae252435795\asm-5.0.4.jar, user.name=norbe, java.vm.specification.version=1.8, sun.java.command=worker.org.gradle.process.internal.worker.GradleWorkerMain 'Gradle Test Executor 12', java.home=C:\Program Files\Java\jdk1.8.0_231\jre, sun.arch.data.model=64, user.language=pl, java.specification.vendor=Oracle Corporation, awt.toolkit=sun.awt.windows.WToolkit, java.vm.info=mixed mode, java.version=1.8.0_231, java.ext.dirs=C:\Program Files\Java\jdk1.8.0_231\jre\lib\ext;C:\WINDOWS\Sun\Java\lib\ext, sun.boot.class.path=C:\Program Files\Java\jdk1.8.0_231\jre\lib\resources.jar;C:\Program Files\Java\jdk1.8.0_231\jre\lib\rt.jar;C:\Program Files\Java\jdk1.8.0_231\jre\lib\sunrsasign.jar;C:\Program Files\Java\jdk1.8.0_231\jre\lib\jsse.jar;C:\Program Files\Java\jdk1.8.0_231\jre\lib\jce.jar;C:\Program Files\Java\jdk1.8.0_231\jre\lib\charsets.jar;C:\Program Files\Java\jdk1.8.0_231\jre\lib\jfr.jar;C:\Program Files\Java\jdk1.8.0_231\jre\classes, java.vendor=Oracle Corporation, org.gradle.test.worker=12, file.separator=\, java.vendor.url.bug=http://bugreport.sun.com/bugreport/, sun.io.unicode.encoding=UnicodeLittle, sun.cpu.endian=little, sun.desktop=windows, sun.cpu.isalist=amd64}}, SystemEnvironmentPropertySource@1470175152 {name='systemEnvironment', properties={USERDOMAIN_ROAMINGPROFILE=LAPTOP-B9UVV4I7, PROCESSOR_LEVEL=6, SESSIONNAME=Console, ALLUSERSPROFILE=C:\ProgramData, PROCESSOR_ARCHITECTURE=AMD64, PSModulePath=C:\Program Files\WindowsPowerShell\Modules;C:\WINDOWS\system32\WindowsPowerShell\v1.0\Modules, __INTELLIJ_COMMAND_HISTFILE__=C:\Users\norbe\.IntelliJIdea2019.3\config\terminal\history\history-204, SystemDrive=C:, DIRNAME=C:\Users\norbe\Desktop\kodilla-coursev2\, USERNAME=norbe, CMD_LINE_ARGS=build, ProgramFiles(x86)=C:\Program Files (x86), FPS_BROWSER_USER_PROFILE_STRING=Default, APP_HOME=C:\Users\norbe\Desktop\kodilla-coursev2\, DEFAULT_JVM_OPTS="-Xmx64m", PATHEXT=.COM;.EXE;.BAT;.CMD;.VBS;.VBE;.JS;.JSE;.WSF;.WSH;.MSC, DriverData=C:\Windows\System32\Drivers\DriverData, OneDriveConsumer=C:\Users\norbe\OneDrive, ProgramData=C:\ProgramData, ProgramW6432=C:\Program Files, HOMEPATH=\Users\norbe, PROCESSOR_IDENTIFIER=Intel64 Family 6 Model 158 Stepping 10, GenuineIntel, ProgramFiles=C:\Program Files, PUBLIC=C:\Users\Public, windir=C:\WINDOWS, =::=::\, MAIL_PASSWORD=Koles24680, _SKIP=2, LOCALAPPDATA=C:\Users\norbe\AppData\Local, USERDOMAIN=LAPTOP-B9UVV4I7, FPS_BROWSER_APP_PROFILE_STRING=Internet Explorer, LOGONSERVER=\\LAPTOP-B9UVV4I7, JAVA_HOME=C:\Program Files\Java\jdk1.8.0_231, PROMPT=$P$G, OneDrive=C:\Users\norbe\OneDrive, =C:=C:\Users\norbe\Desktop\kodilla-coursev2, APPDATA=C:\Users\norbe\AppData\Roaming, JAVA_EXE=C:\Program Files\Java\jdk1.8.0_231/bin/java.exe, CommonProgramFiles=C:\Program Files\Common Files, Path=C:\Program Files (x86)\Common Files\Oracle\Java\javapath;C:\Program Files\Common Files\Oracle\Java\javapath;C:\Program Files\Java\jdk1.8.0_231\bin;C:\gradle-5.6.3\bin;C:\Windows\system32;C:\Windows;C:\Windows\System32\Wbem;C:\Windows\System32\WindowsPowerShell\v1.0\;C:\Windows\System32\OpenSSH\;C:\Program Files (x86)\Intel\Intel(R) Management Engine Components\DAL;C:\Program Files\Intel\Intel(R) Management Engine Components\DAL;C:\Program Files (x86)\NVIDIA Corporation\PhysX\Common;C:\Program Files\NVIDIA Corporation\NVIDIA NvDLISR;C:\Program Files\Git\cmd;C:\Program Files\Git\mingw64\bin;C:\Program Files\Git\usr\bin;C:\Program Files\Java\jre1.8.0_231\bin;;C:\WINDOWS\system32;C:\WINDOWS;C:\WINDOWS\System32\Wbem;C:\WINDOWS\System32\WindowsPowerShell\v1.0\;C:\WINDOWS\System32\OpenSSH\;c:\users\norbe\desktop\bmw driver\ediabas\bin;C:\Program Files (x86)\Common Files\Oracle\Java\javapath;C:\Program Files\Common Files\Oracle\Java\javapath;C:\Program Files\Java\jdk1.8.0_231\bin;C:\gradle-5.6.3\bin;C:\Windows\system32;C:\Windows;C:\Windows\System32\Wbem;C:\Windows\System32\WindowsPowerShell\v1.0\;C:\Windows\System32\OpenSSH\;C:\Program Files (x86)\Intel\Intel(R) Management Engine Components\DAL;C:\Program Files\Intel\Intel(R) Management Engine Components\DAL;C:\Program Files (x86)\NVIDIA Corporation\PhysX\Common;C:\Program Files\NVIDIA Corporation\NVIDIA NvDLISR;C:\Program Files\Git\cmd;C:\Program Files\Git\mingw64\bin;C:\Program Files\Git\usr\bin;C:\Program Files\Java\jre1.8.0_231\bin;C:\WINDOWS\system32;C:\WINDOWS;C:\WINDOWS\System32\Wbem;C:\WINDOWS\System32\WindowsPowerShell\v1.0\;C:\WINDOWS\System32\OpenSSH\;c:\users\norbe\desktop\bmw driver\ediabas\bin;C:\Program Files\MySQL\MySQL Shell 8.0\bin\;C:\Users\norbe\AppData\Local\Microsoft\WindowsApps;C:\Users\norbe\AppData\Local\GitHubDesktop\bin;C:\Program Files\heroku\bin, MAIL_USERNAME=obarzaneknorbert@gmail.com, OS=Windows_NT, COMPUTERNAME=LAPTOP-B9UVV4I7, CATALINA_HOME=C:\Users\norbe\Desktop\apache-tomcat-9.0.33, PROCESSOR_REVISION=9e0a, CLASSPATH=C:\Users\norbe\Desktop\kodilla-coursev2\\gradle\wrapper\gradle-wrapper.jar, CommonProgramW6432=C:\Program Files\Common Files, ComSpec=C:\WINDOWS\system32\cmd.exe, APP_BASE_NAME=gradlew, TERMINAL_EMULATOR=JetBrains-JediTerm, SystemRoot=C:\WINDOWS, TEMP=C:\Users\norbe\AppData\Local\Temp, HOMEDRIVE=C:, USERPROFILE=C:\Users\norbe, TMP=C:\Users\norbe\AppData\Local\Temp, CommonProgramFiles(x86)=C:\Program Files (x86)\Common Files, NUMBER_OF_PROCESSORS=8, IDEA_INITIAL_DIRECTORY=C:\WINDOWS\system32, ediabas_config_dir=c:\users\norbe\desktop\bmw driver\ediabas\bin}}]
18:57:52.888 [Test worker] DEBUG org.springframework.context.annotation.ClassPathBeanDefinitionScanner - JSR-250 'javax.annotation.ManagedBean' found and supported for component scanning
18:57:52.900 [Test worker] DEBUG org.springframework.core.io.support.PathMatchingResourcePatternResolver - Resolved classpath location [com/kodilla/spring/] to resources [URL [file:/C:/Users/norbe/Desktop/kodilla-coursev2/kodilla-spring/build/classes/java/test/com/kodilla/spring/], URL [file:/C:/Users/norbe/Desktop/kodilla-coursev2/kodilla-spring/build/classes/java/main/com/kodilla/spring/]]
18:57:52.900 [Test worker] DEBUG org.springframework.core.io.support.PathMatchingResourcePatternResolver - Looking for matching resources in directory tree [C:\Users\norbe\Desktop\kodilla-coursev2\kodilla-spring\build\classes\java\test\com\kodilla\spring]
18:57:52.901 [Test worker] DEBUG org.springframework.core.io.support.PathMatchingResourcePatternResolver - Searching directory [C:\Users\norbe\Desktop\kodilla-coursev2\kodilla-spring\build\classes\java\test\com\kodilla\spring] for files matching pattern [C:/Users/norbe/Desktop/kodilla-coursev2/kodilla-spring/build/classes/java/test/com/kodilla/spring/**/*.class]
18:57:52.902 [Test worker] DEBUG org.springframework.core.io.support.PathMatchingResourcePatternResolver - Searching directory [C:\Users\norbe\Desktop\kodilla-coursev2\kodilla-spring\build\classes\java\test\com\kodilla\spring\calculator] for files matching pattern [C:/Users/norbe/Desktop/kodilla-coursev2/kodilla-spring/build/classes/java/test/com/kodilla/spring/**/*.class]
18:57:52.903 [Test worker] DEBUG org.springframework.core.io.support.PathMatchingResourcePatternResolver - Searching directory [C:\Users\norbe\Desktop\kodilla-coursev2\kodilla-spring\build\classes\java\test\com\kodilla\spring\forum] for files matching pattern [C:/Users/norbe/Desktop/kodilla-coursev2/kodilla-spring/build/classes/java/test/com/kodilla/spring/**/*.class]
18:57:52.904 [Test worker] DEBUG org.springframework.core.io.support.PathMatchingResourcePatternResolver - Searching directory [C:\Users\norbe\Desktop\kodilla-coursev2\kodilla-spring\build\classes\java\test\com\kodilla\spring\library] for files matching pattern [C:/Users/norbe/Desktop/kodilla-coursev2/kodilla-spring/build/classes/java/test/com/kodilla/spring/**/*.class]
18:57:52.904 [Test worker] DEBUG org.springframework.core.io.support.PathMatchingResourcePatternResolver - Searching directory [C:\Users\norbe\Desktop\kodilla-coursev2\kodilla-spring\build\classes\java\test\com\kodilla\spring\portfolio] for files matching pattern [C:/Users/norbe/Desktop/kodilla-coursev2/kodilla-spring/build/classes/java/test/com/kodilla/spring/**/*.class]
18:57:52.904 [Test worker] DEBUG org.springframework.core.io.support.PathMatchingResourcePatternResolver - Searching directory [C:\Users\norbe\Desktop\kodilla-coursev2\kodilla-spring\build\classes\java\test\com\kodilla\spring\reader] for files matching pattern [C:/Users/norbe/Desktop/kodilla-coursev2/kodilla-spring/build/classes/java/test/com/kodilla/spring/**/*.class]
18:57:52.906 [Test worker] DEBUG org.springframework.core.io.support.PathMatchingResourcePatternResolver - Looking for matching resources in directory tree [C:\Users\norbe\Desktop\kodilla-coursev2\kodilla-spring\build\classes\java\main\com\kodilla\spring]
18:57:52.906 [Test worker] DEBUG org.springframework.core.io.support.PathMatchingResourcePatternResolver - Searching directory [C:\Users\norbe\Desktop\kodilla-coursev2\kodilla-spring\build\classes\java\main\com\kodilla\spring] for files matching pattern [C:/Users/norbe/Desktop/kodilla-coursev2/kodilla-spring/build/classes/java/main/com/kodilla/spring/**/*.class]
18:57:52.906 [Test worker] DEBUG org.springframework.core.io.support.PathMatchingResourcePatternResolver - Searching directory [C:\Users\norbe\Desktop\kodilla-coursev2\kodilla-spring\build\classes\java\main\com\kodilla\spring\calculator] for files matching pattern [C:/Users/norbe/Desktop/kodilla-coursev2/kodilla-spring/build/classes/java/main/com/kodilla/spring/**/*.class]
18:57:52.907 [Test worker] DEBUG org.springframework.core.io.support.PathMatchingResourcePatternResolver - Searching directory [C:\Users\norbe\Desktop\kodilla-coursev2\kodilla-spring\build\classes\java\main\com\kodilla\spring\forum] for files matching pattern [C:/Users/norbe/Desktop/kodilla-coursev2/kodilla-spring/build/classes/java/main/com/kodilla/spring/**/*.class]
18:57:52.907 [Test worker] DEBUG org.springframework.core.io.support.PathMatchingResourcePatternResolver - Searching directory [C:\Users\norbe\Desktop\kodilla-coursev2\kodilla-spring\build\classes\java\main\com\kodilla\spring\library] for files matching pattern [C:/Users/norbe/Desktop/kodilla-coursev2/kodilla-spring/build/classes/java/main/com/kodilla/spring/**/*.class]
18:57:52.908 [Test worker] DEBUG org.springframework.core.io.support.PathMatchingResourcePatternResolver - Searching directory [C:\Users\norbe\Desktop\kodilla-coursev2\kodilla-spring\build\classes\java\main\com\kodilla\spring\portfolio] for files matching pattern [C:/Users/norbe/Desktop/kodilla-coursev2/kodilla-spring/build/classes/java/main/com/kodilla/spring/**/*.class]
18:57:52.908 [Test worker] DEBUG org.springframework.core.io.support.PathMatchingResourcePatternResolver - Searching directory [C:\Users\norbe\Desktop\kodilla-coursev2\kodilla-spring\build\classes\java\main\com\kodilla\spring\reader] for files matching pattern [C:/Users/norbe/Desktop/kodilla-coursev2/kodilla-spring/build/classes/java/main/com/kodilla/spring/**/*.class]
18:57:52.909 [Test worker] DEBUG org.springframework.core.io.support.PathMatchingResourcePatternResolver - Searching directory [C:\Users\norbe\Desktop\kodilla-coursev2\kodilla-spring\build\classes\java\main\com\kodilla\spring\shape] for files matching pattern [C:/Users/norbe/Desktop/kodilla-coursev2/kodilla-spring/build/classes/java/main/com/kodilla/spring/**/*.class]
18:57:52.910 [Test worker] DEBUG org.springframework.core.io.support.PathMatchingResourcePatternResolver - Resolved location pattern [classpath*:com/kodilla/spring/**/*.class] to resources [file [C:\Users\norbe\Desktop\kodilla-coursev2\kodilla-spring\build\classes\java\test\com\kodilla\spring\calculator\CalculatorTestSuite.class], file [C:\Users\norbe\Desktop\kodilla-coursev2\kodilla-spring\build\classes\java\test\com\kodilla\spring\forum\ForumUserTestSuite.class], file [C:\Users\norbe\Desktop\kodilla-coursev2\kodilla-spring\build\classes\java\test\com\kodilla\spring\library\LibraryTestSuite.class], file [C:\Users\norbe\Desktop\kodilla-coursev2\kodilla-spring\build\classes\java\test\com\kodilla\spring\portfolio\BoardConfigTestSuite.class], file [C:\Users\norbe\Desktop\kodilla-coursev2\kodilla-spring\build\classes\java\test\com\kodilla\spring\reader\ReaderTestsSuite.class], file [C:\Users\norbe\Desktop\kodilla-coursev2\kodilla-spring\build\classes\java\test\com\kodilla\spring\SpringRunnerTest.class], file [C:\Users\norbe\Desktop\kodilla-coursev2\kodilla-spring\build\classes\java\test\com\kodilla\spring\SpringRunnerTestsSuite.class], file [C:\Users\norbe\Desktop\kodilla-coursev2\kodilla-spring\build\classes\java\main\com\kodilla\spring\calculator\Calculator.class], file [C:\Users\norbe\Desktop\kodilla-coursev2\kodilla-spring\build\classes\java\main\com\kodilla\spring\calculator\Display.class], file [C:\Users\norbe\Desktop\kodilla-coursev2\kodilla-spring\build\classes\java\main\com\kodilla\spring\forum\ForumUser.class], file [C:\Users\norbe\Desktop\kodilla-coursev2\kodilla-spring\build\classes\java\main\com\kodilla\spring\library\Library.class], file [C:\Users\norbe\Desktop\kodilla-coursev2\kodilla-spring\build\classes\java\main\com\kodilla\spring\library\LibraryConfig.class], file [C:\Users\norbe\Desktop\kodilla-coursev2\kodilla-spring\build\classes\java\main\com\kodilla\spring\library\LibraryDbController.class], file [C:\Users\norbe\Desktop\kodilla-coursev2\kodilla-spring\build\classes\java\main\com\kodilla\spring\portfolio\Board.class], file [C:\Users\norbe\Desktop\kodilla-coursev2\kodilla-spring\build\classes\java\main\com\kodilla\spring\portfolio\BoardConfig.class], file [C:\Users\norbe\Desktop\kodilla-coursev2\kodilla-spring\build\classes\java\main\com\kodilla\spring\portfolio\TaskList.class], file [C:\Users\norbe\Desktop\kodilla-coursev2\kodilla-spring\build\classes\java\main\com\kodilla\spring\reader\Book.class], file [C:\Users\norbe\Desktop\kodilla-coursev2\kodilla-spring\build\classes\java\main\com\kodilla\spring\reader\IfDayIsOddCondition.class], file [C:\Users\norbe\Desktop\kodilla-coursev2\kodilla-spring\build\classes\java\main\com\kodilla\spring\reader\Reader.class], file [C:\Users\norbe\Desktop\kodilla-coursev2\kodilla-spring\build\classes\java\main\com\kodilla\spring\reader\ReaderConfig.class], file [C:\Users\norbe\Desktop\kodilla-coursev2\kodilla-spring\build\classes\java\main\com\kodilla\spring\shape\Circle.class], file [C:\Users\norbe\Desktop\kodilla-coursev2\kodilla-spring\build\classes\java\main\com\kodilla\spring\shape\Shape.class], file [C:\Users\norbe\Desktop\kodilla-coursev2\kodilla-spring\build\classes\java\main\com\kodilla\spring\shape\ShapesFactory.class], file [C:\Users\norbe\Desktop\kodilla-coursev2\kodilla-spring\build\classes\java\main\com\kodilla\spring\shape\Square.class], file [C:\Users\norbe\Desktop\kodilla-coursev2\kodilla-spring\build\classes\java\main\com\kodilla\spring\shape\Triangle.class], file [C:\Users\norbe\Desktop\kodilla-coursev2\kodilla-spring\build\classes\java\main\com\kodilla\spring\SpringRunner.class]]
18:57:52.950 [Test worker] DEBUG org.springframework.context.annotation.ClassPathBeanDefinitionScanner - Identified candidate component class: file [C:\Users\norbe\Desktop\kodilla-coursev2\kodilla-spring\build\classes\java\main\com\kodilla\spring\calculator\Calculator.class]
18:57:52.951 [Test worker] DEBUG org.springframework.context.annotation.ClassPathBeanDefinitionScanner - Identified candidate component class: file [C:\Users\norbe\Desktop\kodilla-coursev2\kodilla-spring\build\classes\java\main\com\kodilla\spring\calculator\Display.class]
18:57:52.951 [Test worker] DEBUG org.springframework.context.annotation.ClassPathBeanDefinitionScanner - Identified candidate component class: file [C:\Users\norbe\Desktop\kodilla-coursev2\kodilla-spring\build\classes\java\main\com\kodilla\spring\forum\ForumUser.class]
18:57:52.952 [Test worker] DEBUG org.springframework.context.annotation.ClassPathBeanDefinitionScanner - Identified candidate component class: file [C:\Users\norbe\Desktop\kodilla-coursev2\kodilla-spring\build\classes\java\main\com\kodilla\spring\library\Library.class]
18:57:52.955 [Test worker] DEBUG org.springframework.context.annotation.ClassPathBeanDefinitionScanner - Identified candidate component class: file [C:\Users\norbe\Desktop\kodilla-coursev2\kodilla-spring\build\classes\java\main\com\kodilla\spring\library\LibraryConfig.class]
18:57:52.956 [Test worker] DEBUG org.springframework.context.annotation.ClassPathBeanDefinitionScanner - Identified candidate component class: file [C:\Users\norbe\Desktop\kodilla-coursev2\kodilla-spring\build\classes\java\main\com\kodilla\spring\library\LibraryDbController.class]
18:57:52.958 [Test worker] DEBUG org.springframework.context.annotation.ClassPathBeanDefinitionScanner - Identified candidate component class: file [C:\Users\norbe\Desktop\kodilla-coursev2\kodilla-spring\build\classes\java\main\com\kodilla\spring\portfolio\BoardConfig.class]
18:57:52.961 [Test worker] DEBUG org.springframework.context.annotation.ClassPathBeanDefinitionScanner - Identified candidate component class: file [C:\Users\norbe\Desktop\kodilla-coursev2\kodilla-spring\build\classes\java\main\com\kodilla\spring\reader\ReaderConfig.class]
18:57:52.962 [Test worker] DEBUG org.springframework.context.annotation.ClassPathBeanDefinitionScanner - Identified candidate component class: file [C:\Users\norbe\Desktop\kodilla-coursev2\kodilla-spring\build\classes\java\main\com\kodilla\spring\shape\Circle.class]
18:57:52.963 [Test worker] DEBUG org.springframework.context.annotation.ClassPathBeanDefinitionScanner - Identified candidate component class: file [C:\Users\norbe\Desktop\kodilla-coursev2\kodilla-spring\build\classes\java\main\com\kodilla\spring\shape\ShapesFactory.class]
18:57:52.964 [Test worker] DEBUG org.springframework.context.annotation.ClassPathBeanDefinitionScanner - Identified candidate component class: file [C:\Users\norbe\Desktop\kodilla-coursev2\kodilla-spring\build\classes\java\main\com\kodilla\spring\shape\Triangle.class]
18:57:52.987 [Test worker] DEBUG org.springframework.context.annotation.ClassPathBeanDefinitionScanner - Identified candidate component class: file [C:\Users\norbe\Desktop\kodilla-coursev2\kodilla-spring\build\classes\java\main\com\kodilla\spring\SpringRunner.class]
18:57:52.998 [Test worker] INFO org.springframework.context.annotation.AnnotationConfigApplicationContext - Refreshing org.springframework.context.annotation.AnnotationConfigApplicationContext@22ca4dbc: startup date [Thu Dec 17 18:57:52 CET 2020]; root of context hierarchy
18:57:52.998 [Test worker] DEBUG org.springframework.context.annotation.AnnotationConfigApplicationContext - Bean factory for org.springframework.context.annotation.AnnotationConfigApplicationContext@22ca4dbc: org.springframework.beans.factory.support.DefaultListableBeanFactory@6a1bc337: defining beans [org.springframework.context.annotation.internalConfigurationAnnotationProcessor,org.springframework.context.annotation.internalAutowiredAnnotationProcessor,org.springframework.context.annotation.internalRequiredAnnotationProcessor,org.springframework.context.annotation.internalCommonAnnotationProcessor,org.springframework.context.event.internalEventListenerProcessor,org.springframework.context.event.internalEventListenerFactory,calculator,display,forumUser,library,libraryConfig,libraryDbController,boardConfig,readerConfig,circle,shapesFactory,triangle,springRunner]; root of factory hierarchy
18:57:53.019 [Test worker] DEBUG org.springframework.beans.factory.support.DefaultListableBeanFactory - Creating shared instance of singleton bean 'org.springframework.context.annotation.internalConfigurationAnnotationProcessor'
18:57:53.019 [Test worker] DEBUG org.springframework.beans.factory.support.DefaultListableBeanFactory - Creating instance of bean 'org.springframework.context.annotation.internalConfigurationAnnotationProcessor'
18:57:53.031 [Test worker] DEBUG org.springframework.beans.factory.support.DefaultListableBeanFactory - Eagerly caching bean 'org.springframework.context.annotation.internalConfigurationAnnotationProcessor' to allow for resolving potential circular references
18:57:53.033 [Test worker] DEBUG org.springframework.beans.factory.support.DefaultListableBeanFactory - Finished creating instance of bean 'org.springframework.context.annotation.internalConfigurationAnnotationProcessor'
18:57:53.060 [Test worker] DEBUG org.springframework.context.annotation.ClassPathBeanDefinitionScanner - JSR-250 'javax.annotation.ManagedBean' found and supported for component scanning
18:57:53.062 [Test worker] DEBUG org.springframework.core.io.support.PathMatchingResourcePatternResolver - Resolved classpath location [com/kodilla/spring/] to resources [URL [file:/C:/Users/norbe/Desktop/kodilla-coursev2/kodilla-spring/build/classes/java/test/com/kodilla/spring/], URL [file:/C:/Users/norbe/Desktop/kodilla-coursev2/kodilla-spring/build/classes/java/main/com/kodilla/spring/]]
18:57:53.062 [Test worker] DEBUG org.springframework.core.io.support.PathMatchingResourcePatternResolver - Looking for matching resources in directory tree [C:\Users\norbe\Desktop\kodilla-coursev2\kodilla-spring\build\classes\java\test\com\kodilla\spring]
18:57:53.062 [Test worker] DEBUG org.springframework.core.io.support.PathMatchingResourcePatternResolver - Searching directory [C:\Users\norbe\Desktop\kodilla-coursev2\kodilla-spring\build\classes\java\test\com\kodilla\spring] for files matching pattern [C:/Users/norbe/Desktop/kodilla-coursev2/kodilla-spring/build/classes/java/test/com/kodilla/spring/**/*.class]
18:57:53.063 [Test worker] DEBUG org.springframework.core.io.support.PathMatchingResourcePatternResolver - Searching directory [C:\Users\norbe\Desktop\kodilla-coursev2\kodilla-spring\build\classes\java\test\com\kodilla\spring\calculator] for files matching pattern [C:/Users/norbe/Desktop/kodilla-coursev2/kodilla-spring/build/classes/java/test/com/kodilla/spring/**/*.class]
18:57:53.063 [Test worker] DEBUG org.springframework.core.io.support.PathMatchingResourcePatternResolver - Searching directory [C:\Users\norbe\Desktop\kodilla-coursev2\kodilla-spring\build\classes\java\test\com\kodilla\spring\forum] for files matching pattern [C:/Users/norbe/Desktop/kodilla-coursev2/kodilla-spring/build/classes/java/test/com/kodilla/spring/**/*.class]
18:57:53.063 [Test worker] DEBUG org.springframework.core.io.support.PathMatchingResourcePatternResolver - Searching directory [C:\Users\norbe\Desktop\kodilla-coursev2\kodilla-spring\build\classes\java\test\com\kodilla\spring\library] for files matching pattern [C:/Users/norbe/Desktop/kodilla-coursev2/kodilla-spring/build/classes/java/test/com/kodilla/spring/**/*.class]
18:57:53.064 [Test worker] DEBUG org.springframework.core.io.support.PathMatchingResourcePatternResolver - Searching directory [C:\Users\norbe\Desktop\kodilla-coursev2\kodilla-spring\build\classes\java\test\com\kodilla\spring\portfolio] for files matching pattern [C:/Users/norbe/Desktop/kodilla-coursev2/kodilla-spring/build/classes/java/test/com/kodilla/spring/**/*.class]
18:57:53.064 [Test worker] DEBUG org.springframework.core.io.support.PathMatchingResourcePatternResolver - Searching directory [C:\Users\norbe\Desktop\kodilla-coursev2\kodilla-spring\build\classes\java\test\com\kodilla\spring\reader] for files matching pattern [C:/Users/norbe/Desktop/kodilla-coursev2/kodilla-spring/build/classes/java/test/com/kodilla/spring/**/*.class]
18:57:53.065 [Test worker] DEBUG org.springframework.core.io.support.PathMatchingResourcePatternResolver - Looking for matching resources in directory tree [C:\Users\norbe\Desktop\kodilla-coursev2\kodilla-spring\build\classes\java\main\com\kodilla\spring]
18:57:53.065 [Test worker] DEBUG org.springframework.core.io.support.PathMatchingResourcePatternResolver - Searching directory [C:\Users\norbe\Desktop\kodilla-coursev2\kodilla-spring\build\classes\java\main\com\kodilla\spring] for files matching pattern [C:/Users/norbe/Desktop/kodilla-coursev2/kodilla-spring/build/classes/java/main/com/kodilla/spring/**/*.class]
18:57:53.065 [Test worker] DEBUG org.springframework.core.io.support.PathMatchingResourcePatternResolver - Searching directory [C:\Users\norbe\Desktop\kodilla-coursev2\kodilla-spring\build\classes\java\main\com\kodilla\spring\calculator] for files matching pattern [C:/Users/norbe/Desktop/kodilla-coursev2/kodilla-spring/build/classes/java/main/com/kodilla/spring/**/*.class]
18:57:53.066 [Test worker] DEBUG org.springframework.core.io.support.PathMatchingResourcePatternResolver - Searching directory [C:\Users\norbe\Desktop\kodilla-coursev2\kodilla-spring\build\classes\java\main\com\kodilla\spring\forum] for files matching pattern [C:/Users/norbe/Desktop/kodilla-coursev2/kodilla-spring/build/classes/java/main/com/kodilla/spring/**/*.class]
18:57:53.066 [Test worker] DEBUG org.springframework.core.io.support.PathMatchingResourcePatternResolver - Searching directory [C:\Users\norbe\Desktop\kodilla-coursev2\kodilla-spring\build\classes\java\main\com\kodilla\spring\library] for files matching pattern [C:/Users/norbe/Desktop/kodilla-coursev2/kodilla-spring/build/classes/java/main/com/kodilla/spring/**/*.class]
18:57:53.067 [Test worker] DEBUG org.springframework.core.io.support.PathMatchingResourcePatternResolver - Searching directory [C:\Users\norbe\Desktop\kodilla-coursev2\kodilla-spring\build\classes\java\main\com\kodilla\spring\portfolio] for files matching pattern [C:/Users/norbe/Desktop/kodilla-coursev2/kodilla-spring/build/classes/java/main/com/kodilla/spring/**/*.class]
18:57:53.068 [Test worker] DEBUG org.springframework.core.io.support.PathMatchingResourcePatternResolver - Searching directory [C:\Users\norbe\Desktop\kodilla-coursev2\kodilla-spring\build\classes\java\main\com\kodilla\spring\reader] for files matching pattern [C:/Users/norbe/Desktop/kodilla-coursev2/kodilla-spring/build/classes/java/main/com/kodilla/spring/**/*.class]
18:57:53.068 [Test worker] DEBUG org.springframework.core.io.support.PathMatchingResourcePatternResolver - Searching directory [C:\Users\norbe\Desktop\kodilla-coursev2\kodilla-spring\build\classes\java\main\com\kodilla\spring\shape] for files matching pattern [C:/Users/norbe/Desktop/kodilla-coursev2/kodilla-spring/build/classes/java/main/com/kodilla/spring/**/*.class]
18:57:53.070 [Test worker] DEBUG org.springframework.core.io.support.PathMatchingResourcePatternResolver - Resolved location pattern [classpath*:com/kodilla/spring/**/*.class] to resources [file [C:\Users\norbe\Desktop\kodilla-coursev2\kodilla-spring\build\classes\java\test\com\kodilla\spring\calculator\CalculatorTestSuite.class], file [C:\Users\norbe\Desktop\kodilla-coursev2\kodilla-spring\build\classes\java\test\com\kodilla\spring\forum\ForumUserTestSuite.class], file [C:\Users\norbe\Desktop\kodilla-coursev2\kodilla-spring\build\classes\java\test\com\kodilla\spring\library\LibraryTestSuite.class], file [C:\Users\norbe\Desktop\kodilla-coursev2\kodilla-spring\build\classes\java\test\com\kodilla\spring\portfolio\BoardConfigTestSuite.class], file [C:\Users\norbe\Desktop\kodilla-coursev2\kodilla-spring\build\classes\java\test\com\kodilla\spring\reader\ReaderTestsSuite.class], file [C:\Users\norbe\Desktop\kodilla-coursev2\kodilla-spring\build\classes\java\test\com\kodilla\spring\SpringRunnerTest.class], file [C:\Users\norbe\Desktop\kodilla-coursev2\kodilla-spring\build\classes\java\test\com\kodilla\spring\SpringRunnerTestsSuite.class], file [C:\Users\norbe\Desktop\kodilla-coursev2\kodilla-spring\build\classes\java\main\com\kodilla\spring\calculator\Calculator.class], file [C:\Users\norbe\Desktop\kodilla-coursev2\kodilla-spring\build\classes\java\main\com\kodilla\spring\calculator\Display.class], file [C:\Users\norbe\Desktop\kodilla-coursev2\kodilla-spring\build\classes\java\main\com\kodilla\spring\forum\ForumUser.class], file [C:\Users\norbe\Desktop\kodilla-coursev2\kodilla-spring\build\classes\java\main\com\kodilla\spring\library\Library.class], file [C:\Users\norbe\Desktop\kodilla-coursev2\kodilla-spring\build\classes\java\main\com\kodilla\spring\library\LibraryConfig.class], file [C:\Users\norbe\Desktop\kodilla-coursev2\kodilla-spring\build\classes\java\main\com\kodilla\spring\library\LibraryDbController.class], file [C:\Users\norbe\Desktop\kodilla-coursev2\kodilla-spring\build\classes\java\main\com\kodilla\spring\portfolio\Board.class], file [C:\Users\norbe\Desktop\kodilla-coursev2\kodilla-spring\build\classes\java\main\com\kodilla\spring\portfolio\BoardConfig.class], file [C:\Users\norbe\Desktop\kodilla-coursev2\kodilla-spring\build\classes\java\main\com\kodilla\spring\portfolio\TaskList.class], file [C:\Users\norbe\Desktop\kodilla-coursev2\kodilla-spring\build\classes\java\main\com\kodilla\spring\reader\Book.class], file [C:\Users\norbe\Desktop\kodilla-coursev2\kodilla-spring\build\classes\java\main\com\kodilla\spring\reader\IfDayIsOddCondition.class], file [C:\Users\norbe\Desktop\kodilla-coursev2\kodilla-spring\build\classes\java\main\com\kodilla\spring\reader\Reader.class], file [C:\Users\norbe\Desktop\kodilla-coursev2\kodilla-spring\build\classes\java\main\com\kodilla\spring\reader\ReaderConfig.class], file [C:\Users\norbe\Desktop\kodilla-coursev2\kodilla-spring\build\classes\java\main\com\kodilla\spring\shape\Circle.class], file [C:\Users\norbe\Desktop\kodilla-coursev2\kodilla-spring\build\classes\java\main\com\kodilla\spring\shape\Shape.class], file [C:\Users\norbe\Desktop\kodilla-coursev2\kodilla-spring\build\classes\java\main\com\kodilla\spring\shape\ShapesFactory.class], file [C:\Users\norbe\Desktop\kodilla-coursev2\kodilla-spring\build\classes\java\main\com\kodilla\spring\shape\Square.class], file [C:\Users\norbe\Desktop\kodilla-coursev2\kodilla-spring\build\classes\java\main\com\kodilla\spring\shape\Triangle.class], file [C:\Users\norbe\Desktop\kodilla-coursev2\kodilla-spring\build\classes\java\main\com\kodilla\spring\SpringRunner.class]]
18:57:53.072 [Test worker] DEBUG org.springframework.context.annotation.ClassPathBeanDefinitionScanner - Identified candidate component class: file [C:\Users\norbe\Desktop\kodilla-coursev2\kodilla-spring\build\classes\java\main\com\kodilla\spring\calculator\Calculator.class]
18:57:53.072 [Test worker] DEBUG org.springframework.context.annotation.ClassPathBeanDefinitionScanner - Identified candidate component class: file [C:\Users\norbe\Desktop\kodilla-coursev2\kodilla-spring\build\classes\java\main\com\kodilla\spring\calculator\Display.class]
18:57:53.073 [Test worker] DEBUG org.springframework.context.annotation.ClassPathBeanDefinitionScanner - Identified candidate component class: file [C:\Users\norbe\Desktop\kodilla-coursev2\kodilla-spring\build\classes\java\main\com\kodilla\spring\forum\ForumUser.class]
18:57:53.073 [Test worker] DEBUG org.springframework.context.annotation.ClassPathBeanDefinitionScanner - Identified candidate component class: file [C:\Users\norbe\Desktop\kodilla-coursev2\kodilla-spring\build\classes\java\main\com\kodilla\spring\library\Library.class]
18:57:53.079 [Test worker] DEBUG org.springframework.context.annotation.ClassPathBeanDefinitionScanner - Identified candidate component class: file [C:\Users\norbe\Desktop\kodilla-coursev2\kodilla-spring\build\classes\java\main\com\kodilla\spring\library\LibraryConfig.class]
18:57:53.079 [Test worker] DEBUG org.springframework.context.annotation.ClassPathBeanDefinitionScanner - Identified candidate component class: file [C:\Users\norbe\Desktop\kodilla-coursev2\kodilla-spring\build\classes\java\main\com\kodilla\spring\library\LibraryDbController.class]
18:57:53.079 [Test worker] DEBUG org.springframework.context.annotation.ClassPathBeanDefinitionScanner - Identified candidate component class: file [C:\Users\norbe\Desktop\kodilla-coursev2\kodilla-spring\build\classes\java\main\com\kodilla\spring\portfolio\BoardConfig.class]
18:57:53.080 [Test worker] DEBUG org.springframework.context.annotation.ClassPathBeanDefinitionScanner - Identified candidate component class: file [C:\Users\norbe\Desktop\kodilla-coursev2\kodilla-spring\build\classes\java\main\com\kodilla\spring\reader\ReaderConfig.class]
18:57:53.080 [Test worker] DEBUG org.springframework.context.annotation.ClassPathBeanDefinitionScanner - Identified candidate component class: file [C:\Users\norbe\Desktop\kodilla-coursev2\kodilla-spring\build\classes\java\main\com\kodilla\spring\shape\Circle.class]
18:57:53.081 [Test worker] DEBUG org.springframework.context.annotation.ClassPathBeanDefinitionScanner - Identified candidate component class: file [C:\Users\norbe\Desktop\kodilla-coursev2\kodilla-spring\build\classes\java\main\com\kodilla\spring\shape\ShapesFactory.class]
18:57:53.081 [Test worker] DEBUG org.springframework.context.annotation.ClassPathBeanDefinitionScanner - Identified candidate component class: file [C:\Users\norbe\Desktop\kodilla-coursev2\kodilla-spring\build\classes\java\main\com\kodilla\spring\shape\Triangle.class]
18:57:53.090 [Test worker] DEBUG org.springframework.core.env.PropertySourcesPropertyResolver - Could not find key 'spring.boot.enableautoconfiguration' in any property source
18:57:53.203 [Test worker] DEBUG org.springframework.beans.factory.support.DefaultListableBeanFactory - Returning cached instance of singleton bean 'autoConfigurationReport'
18:57:53.229 [Test worker] DEBUG org.springframework.core.env.PropertySourcesPropertyResolver - Could not find key 'spring.messages.basename' in any property source
18:57:53.230 [Test worker] DEBUG org.springframework.core.io.support.PathMatchingResourcePatternResolver - Resolved classpath location [messages.properties] to resources []
18:57:53.230 [Test worker] DEBUG org.springframework.beans.factory.support.DefaultListableBeanFactory - Returning cached instance of singleton bean 'autoConfigurationReport'
18:57:53.235 [Test worker] DEBUG org.springframework.beans.factory.support.DefaultListableBeanFactory - Returning cached instance of singleton bean 'autoConfigurationReport'
18:57:53.236 [Test worker] DEBUG org.springframework.beans.factory.support.DefaultListableBeanFactory - Returning cached instance of singleton bean 'autoConfigurationReport'
18:57:53.239 [Test worker] DEBUG org.springframework.beans.factory.support.DefaultListableBeanFactory - Returning cached instance of singleton bean 'autoConfigurationReport'
18:57:53.246 [Test worker] DEBUG org.springframework.beans.factory.support.DefaultListableBeanFactory - Returning cached instance of singleton bean 'autoConfigurationReport'
18:57:53.248 [Test worker] DEBUG org.springframework.beans.factory.support.DefaultListableBeanFactory - Returning cached instance of singleton bean 'autoConfigurationReport'
18:57:53.269 [Test worker] DEBUG org.springframework.beans.factory.support.DefaultListableBeanFactory - Returning cached instance of singleton bean 'autoConfigurationReport'
18:57:53.271 [Test worker] DEBUG org.springframework.beans.factory.support.DefaultListableBeanFactory - Returning cached instance of singleton bean 'autoConfigurationReport'
18:57:53.272 [Test worker] DEBUG org.springframework.beans.factory.support.DefaultListableBeanFactory - Returning cached instance of singleton bean 'autoConfigurationReport'
18:57:53.273 [Test worker] DEBUG org.springframework.beans.factory.support.DefaultListableBeanFactory - Returning cached instance of singleton bean 'autoConfigurationReport'
18:57:53.274 [Test worker] DEBUG org.springframework.beans.factory.support.DefaultListableBeanFactory - Returning cached instance of singleton bean 'autoConfigurationReport'
18:57:53.274 [Test worker] DEBUG org.springframework.beans.factory.support.DefaultListableBeanFactory - Returning cached instance of singleton bean 'autoConfigurationReport'
18:57:53.277 [Test worker] DEBUG org.springframework.beans.factory.support.DefaultListableBeanFactory - Returning cached instance of singleton bean 'autoConfigurationReport'
18:57:53.278 [Test worker] DEBUG org.springframework.beans.factory.support.DefaultListableBeanFactory - Returning cached instance of singleton bean 'autoConfigurationReport'
18:57:53.281 [Test worker] DEBUG org.springframework.beans.factory.support.DefaultListableBeanFactory - Returning cached instance of singleton bean 'autoConfigurationReport'
18:57:53.283 [Test worker] DEBUG org.springframework.beans.factory.support.DefaultListableBeanFactory - Returning cached instance of singleton bean 'autoConfigurationReport'
18:57:53.288 [Test worker] DEBUG org.springframework.beans.factory.support.DefaultListableBeanFactory - Returning cached instance of singleton bean 'autoConfigurationReport'
18:57:53.292 [Test worker] DEBUG org.springframework.beans.factory.support.DefaultListableBeanFactory - Returning cached instance of singleton bean 'autoConfigurationReport'
18:57:53.294 [Test worker] DEBUG org.springframework.beans.factory.support.DefaultListableBeanFactory - Returning cached instance of singleton bean 'autoConfigurationReport'
18:57:53.295 [Test worker] DEBUG org.springframework.beans.factory.support.DefaultListableBeanFactory - Returning cached instance of singleton bean 'autoConfigurationReport'
18:57:53.296 [Test worker] DEBUG org.springframework.beans.factory.support.DefaultListableBeanFactory - Returning cached instance of singleton bean 'autoConfigurationReport'
18:57:53.301 [Test worker] DEBUG org.springframework.context.annotation.ConfigurationClassBeanDefinitionReader - Registering bean definition for @Bean method com.kodilla.spring.library.LibraryConfig.library()
18:57:53.301 [Test worker] INFO org.springframework.beans.factory.support.DefaultListableBeanFactory - Overriding bean definition for bean 'library' with a different definition: replacing [Generic bean: class [com.kodilla.spring.library.Library]; scope=singleton; abstract=false; lazyInit=false; autowireMode=0; dependencyCheck=0; autowireCandidate=true; primary=false; factoryBeanName=null; factoryMethodName=null; initMethodName=null; destroyMethodName=null; defined in file [C:\Users\norbe\Desktop\kodilla-coursev2\kodilla-spring\build\classes\java\main\com\kodilla\spring\library\Library.class]] with [Root bean: class [null]; scope=; abstract=false; lazyInit=false; autowireMode=3; dependencyCheck=0; autowireCandidate=true; primary=false; factoryBeanName=libraryConfig; factoryMethodName=library; initMethodName=null; destroyMethodName=(inferred); defined in com.kodilla.spring.library.LibraryConfig]
18:57:53.302 [Test worker] DEBUG org.springframework.context.annotation.ConfigurationClassBeanDefinitionReader - Registering bean definition for @Bean method com.kodilla.spring.library.LibraryConfig.libraryDbController()
18:57:53.302 [Test worker] INFO org.springframework.beans.factory.support.DefaultListableBeanFactory - Overriding bean definition for bean 'libraryDbController' with a different definition: replacing [Generic bean: class [com.kodilla.spring.library.LibraryDbController]; scope=singleton; abstract=false; lazyInit=false; autowireMode=0; dependencyCheck=0; autowireCandidate=true; primary=false; factoryBeanName=null; factoryMethodName=null; initMethodName=null; destroyMethodName=null; defined in file [C:\Users\norbe\Desktop\kodilla-coursev2\kodilla-spring\build\classes\java\main\com\kodilla\spring\library\LibraryDbController.class]] with [Root bean: class [null]; scope=; abstract=false; lazyInit=false; autowireMode=3; dependencyCheck=0; autowireCandidate=true; primary=false; factoryBeanName=libraryConfig; factoryMethodName=libraryDbController; initMethodName=null; destroyMethodName=(inferred); defined in com.kodilla.spring.library.LibraryConfig]
18:57:53.303 [Test worker] DEBUG org.springframework.context.annotation.ConfigurationClassBeanDefinitionReader - Registering bean definition for @Bean method com.kodilla.spring.portfolio.BoardConfig.getBoard()
18:57:53.303 [Test worker] DEBUG org.springframework.context.annotation.ConfigurationClassBeanDefinitionReader - Registering bean definition for @Bean method com.kodilla.spring.portfolio.BoardConfig.to Do List()
18:57:53.303 [Test worker] DEBUG org.springframework.context.annotation.ConfigurationClassBeanDefinitionReader - Registering bean definition for @Bean method com.kodilla.spring.portfolio.BoardConfig.in Progress List()
18:57:53.303 [Test worker] DEBUG org.springframework.context.annotation.ConfigurationClassBeanDefinitionReader - Registering bean definition for @Bean method com.kodilla.spring.portfolio.BoardConfig.done List()
18:57:53.304 [Test worker] DEBUG org.springframework.context.annotation.ConfigurationClassBeanDefinitionReader - Registering bean definition for @Bean method com.kodilla.spring.reader.ReaderConfig.getReader()
18:57:53.304 [Test worker] DEBUG org.springframework.context.annotation.ConfigurationClassBeanDefinitionReader - Registering bean definition for @Bean method com.kodilla.spring.reader.ReaderConfig.book1()
18:57:53.313 [Test worker] DEBUG org.springframework.context.annotation.ConfigurationClassBeanDefinitionReader - Registering bean definition for @Bean method com.kodilla.spring.shape.ShapesFactory.createSquare()
18:57:53.313 [Test worker] DEBUG org.springframework.context.annotation.ConfigurationClassBeanDefinitionReader - Registering bean definition for @Bean method com.kodilla.spring.shape.ShapesFactory.chosenShape()
18:57:53.317 [Test worker] DEBUG org.springframework.context.annotation.ConfigurationClassBeanDefinitionReader - Registered bean definition for imported class 'org.springframework.boot.autoconfigure.context.PropertyPlaceholderAutoConfiguration'
18:57:53.321 [Test worker] DEBUG org.springframework.beans.factory.support.DefaultListableBeanFactory - Creating shared instance of singleton bean 'org.springframework.boot.autoconfigure.condition.BeanTypeRegistry'
18:57:53.321 [Test worker] DEBUG org.springframework.beans.factory.support.DefaultListableBeanFactory - Creating instance of bean 'org.springframework.boot.autoconfigure.condition.BeanTypeRegistry'
18:57:53.330 [Test worker] DEBUG org.springframework.beans.factory.support.DefaultListableBeanFactory - Eagerly caching bean 'org.springframework.boot.autoconfigure.condition.BeanTypeRegistry' to allow for resolving potential circular references
18:57:53.330 [Test worker] DEBUG org.springframework.beans.factory.support.DefaultListableBeanFactory - Finished creating instance of bean 'org.springframework.boot.autoconfigure.condition.BeanTypeRegistry'
18:57:53.335 [Test worker] DEBUG org.springframework.beans.factory.support.DefaultListableBeanFactory - Returning cached instance of singleton bean 'autoConfigurationReport'
18:57:53.336 [Test worker] DEBUG org.springframework.context.annotation.ConfigurationClassBeanDefinitionReader - Registering bean definition for @Bean method org.springframework.boot.autoconfigure.context.PropertyPlaceholderAutoConfiguration.propertySourcesPlaceholderConfigurer()
18:57:53.336 [Test worker] DEBUG org.springframework.beans.factory.support.DefaultListableBeanFactory - Returning cached instance of singleton bean 'autoConfigurationReport'
18:57:53.336 [Test worker] DEBUG org.springframework.beans.factory.support.DefaultListableBeanFactory - Returning cached instance of singleton bean 'autoConfigurationReport'
18:57:53.336 [Test worker] DEBUG org.springframework.context.annotation.ConfigurationClassBeanDefinitionReader - Registered bean definition for imported class 'org.springframework.boot.autoconfigure.jmx.JmxAutoConfiguration'
18:57:53.336 [Test worker] DEBUG org.springframework.beans.factory.support.DefaultListableBeanFactory - Returning cached instance of singleton bean 'org.springframework.boot.autoconfigure.condition.BeanTypeRegistry'
18:57:53.337 [Test worker] DEBUG org.springframework.beans.factory.support.DefaultListableBeanFactory - Returning cached instance of singleton bean 'autoConfigurationReport'
18:57:53.338 [Test worker] DEBUG org.springframework.context.annotation.ConfigurationClassBeanDefinitionReader - Registering bean definition for @Bean method org.springframework.boot.autoconfigure.jmx.JmxAutoConfiguration.mbeanExporter()
18:57:53.338 [Test worker] DEBUG org.springframework.beans.factory.support.DefaultListableBeanFactory - Returning cached instance of singleton bean 'org.springframework.boot.autoconfigure.condition.BeanTypeRegistry'
18:57:53.340 [Test worker] DEBUG org.springframework.beans.factory.support.DefaultListableBeanFactory - Returning cached instance of singleton bean 'autoConfigurationReport'
18:57:53.340 [Test worker] DEBUG org.springframework.context.annotation.ConfigurationClassBeanDefinitionReader - Registering bean definition for @Bean method org.springframework.boot.autoconfigure.jmx.JmxAutoConfiguration.objectNamingStrategy()
18:57:53.340 [Test worker] DEBUG org.springframework.beans.factory.support.DefaultListableBeanFactory - Returning cached instance of singleton bean 'org.springframework.boot.autoconfigure.condition.BeanTypeRegistry'
18:57:53.341 [Test worker] DEBUG org.springframework.beans.factory.support.DefaultListableBeanFactory - Returning cached instance of singleton bean 'autoConfigurationReport'
18:57:53.341 [Test worker] DEBUG org.springframework.context.annotation.ConfigurationClassBeanDefinitionReader - Registering bean definition for @Bean method org.springframework.boot.autoconfigure.jmx.JmxAutoConfiguration.mbeanServer()
18:57:53.341 [Test worker] DEBUG org.springframework.beans.factory.support.DefaultListableBeanFactory - Returning cached instance of singleton bean 'autoConfigurationReport'
18:57:53.343 [Test worker] DEBUG org.springframework.beans.factory.support.DefaultListableBeanFactory - Returning cached instance of singleton bean 'org.springframework.boot.autoconfigure.condition.BeanTypeRegistry'
18:57:53.343 [Test worker] DEBUG org.springframework.beans.factory.support.DefaultListableBeanFactory - Returning cached instance of singleton bean 'autoConfigurationReport'
18:57:53.343 [Test worker] DEBUG org.springframework.context.annotation.ConfigurationClassBeanDefinitionReader - Registered bean definition for imported class 'org.springframework.boot.autoconfigure.context.ConfigurationPropertiesAutoConfiguration'
18:57:53.347 [Test worker] DEBUG org.springframework.context.annotation.ConfigurationClassBeanDefinitionReader - Registered bean definition for imported class 'org.springframework.boot.autoconfigure.info.ProjectInfoAutoConfiguration'
18:57:53.347 [Test worker] DEBUG org.springframework.core.env.PropertySourcesPropertyResolver - Could not find key 'spring.info.git.location' in any property source
18:57:53.348 [Test worker] DEBUG org.springframework.beans.factory.support.DefaultListableBeanFactory - Returning cached instance of singleton bean 'autoConfigurationReport'
18:57:53.348 [Test worker] DEBUG org.springframework.core.env.PropertySourcesPropertyResolver - Could not find key 'spring.info.build.location:classpath:META-INF/build-info.properties' in any property source
18:57:53.348 [Test worker] DEBUG org.springframework.core.env.PropertySourcesPropertyResolver - Could not find key 'spring.info.build.location' in any property source
18:57:53.349 [Test worker] DEBUG org.springframework.beans.factory.support.DefaultListableBeanFactory - Returning cached instance of singleton bean 'autoConfigurationReport'
18:57:53.351 [Test worker] DEBUG org.springframework.context.annotation.ConfigurationClassBeanDefinitionReader - Registered bean definition for imported class 'org.springframework.boot.autoconfigure.security.reactive.ReactiveSecurityAutoConfiguration'
18:57:53.352 [Test worker] DEBUG org.springframework.context.annotation.ConfigurationClassBeanDefinitionReader - Registered bean definition for imported class 'org.springframework.boot.autoconfigure.web.embedded.EmbeddedWebServerFactoryCustomizerAutoConfiguration'
18:57:53.410 [Test worker] DEBUG org.springframework.context.annotation.ConfigurationClassEnhancer - Successfully enhanced com.kodilla.spring.library.LibraryConfig; enhanced class name is: com.kodilla.spring.library.LibraryConfig$$EnhancerBySpringCGLIB$$5b6af1de
18:57:53.410 [Test worker] DEBUG org.springframework.context.annotation.ConfigurationClassPostProcessor - Replacing bean definition 'libraryConfig' existing class 'com.kodilla.spring.library.LibraryConfig' with enhanced class 'com.kodilla.spring.library.LibraryConfig$$EnhancerBySpringCGLIB$$5b6af1de'
18:57:53.412 [Test worker] DEBUG org.springframework.context.annotation.ConfigurationClassEnhancer - Successfully enhanced com.kodilla.spring.portfolio.BoardConfig; enhanced class name is: com.kodilla.spring.portfolio.BoardConfig$$EnhancerBySpringCGLIB$$51e6ab16
18:57:53.413 [Test worker] DEBUG org.springframework.context.annotation.ConfigurationClassPostProcessor - Replacing bean definition 'boardConfig' existing class 'com.kodilla.spring.portfolio.BoardConfig' with enhanced class 'com.kodilla.spring.portfolio.BoardConfig$$EnhancerBySpringCGLIB$$51e6ab16'
18:57:53.415 [Test worker] DEBUG org.springframework.context.annotation.ConfigurationClassEnhancer - Successfully enhanced com.kodilla.spring.reader.ReaderConfig; enhanced class name is: com.kodilla.spring.reader.ReaderConfig$$EnhancerBySpringCGLIB$$a59b3aa4
18:57:53.415 [Test worker] DEBUG org.springframework.context.annotation.ConfigurationClassPostProcessor - Replacing bean definition 'readerConfig' existing class 'com.kodilla.spring.reader.ReaderConfig' with enhanced class 'com.kodilla.spring.reader.ReaderConfig$$EnhancerBySpringCGLIB$$a59b3aa4'
18:57:53.418 [Test worker] DEBUG org.springframework.context.annotation.ConfigurationClassEnhancer - Successfully enhanced com.kodilla.spring.shape.ShapesFactory; enhanced class name is: com.kodilla.spring.shape.ShapesFactory$$EnhancerBySpringCGLIB$$958ad9bf
18:57:53.418 [Test worker] DEBUG org.springframework.context.annotation.ConfigurationClassPostProcessor - Replacing bean definition 'shapesFactory' existing class 'com.kodilla.spring.shape.ShapesFactory' with enhanced class 'com.kodilla.spring.shape.ShapesFactory$$EnhancerBySpringCGLIB$$958ad9bf'
18:57:53.419 [Test worker] DEBUG org.springframework.context.annotation.ConfigurationClassEnhancer - Successfully enhanced com.kodilla.spring.SpringRunner; enhanced class name is: com.kodilla.spring.SpringRunner$$EnhancerBySpringCGLIB$$32df266d
18:57:53.419 [Test worker] DEBUG org.springframework.context.annotation.ConfigurationClassPostProcessor - Replacing bean definition 'springRunner' existing class 'com.kodilla.spring.SpringRunner' with enhanced class 'com.kodilla.spring.SpringRunner$$EnhancerBySpringCGLIB$$32df266d'
18:57:53.420 [Test worker] DEBUG org.springframework.context.annotation.ConfigurationClassEnhancer - Successfully enhanced org.springframework.boot.autoconfigure.context.PropertyPlaceholderAutoConfiguration; enhanced class name is: org.springframework.boot.autoconfigure.context.PropertyPlaceholderAutoConfiguration$$EnhancerBySpringCGLIB$$b1659f66
18:57:53.421 [Test worker] DEBUG org.springframework.context.annotation.ConfigurationClassPostProcessor - Replacing bean definition 'org.springframework.boot.autoconfigure.context.PropertyPlaceholderAutoConfiguration' existing class 'org.springframework.boot.autoconfigure.context.PropertyPlaceholderAutoConfiguration' with enhanced class 'org.springframework.boot.autoconfigure.context.PropertyPlaceholderAutoConfiguration$$EnhancerBySpringCGLIB$$b1659f66'
18:57:53.424 [Test worker] DEBUG org.springframework.context.annotation.ConfigurationClassEnhancer - Successfully enhanced org.springframework.boot.autoconfigure.jmx.JmxAutoConfiguration; enhanced class name is: org.springframework.boot.autoconfigure.jmx.JmxAutoConfiguration$$EnhancerBySpringCGLIB$$301a9c49
18:57:53.424 [Test worker] DEBUG org.springframework.context.annotation.ConfigurationClassPostProcessor - Replacing bean definition 'org.springframework.boot.autoconfigure.jmx.JmxAutoConfiguration' existing class 'org.springframework.boot.autoconfigure.jmx.JmxAutoConfiguration' with enhanced class 'org.springframework.boot.autoconfigure.jmx.JmxAutoConfiguration$$EnhancerBySpringCGLIB$$301a9c49'
18:57:53.425 [Test worker] DEBUG org.springframework.context.annotation.ConfigurationClassEnhancer - Successfully enhanced org.springframework.boot.autoconfigure.context.ConfigurationPropertiesAutoConfiguration; enhanced class name is: org.springframework.boot.autoconfigure.context.ConfigurationPropertiesAutoConfiguration$$EnhancerBySpringCGLIB$$a038b87b
18:57:53.425 [Test worker] DEBUG org.springframework.context.annotation.ConfigurationClassPostProcessor - Replacing bean definition 'org.springframework.boot.autoconfigure.context.ConfigurationPropertiesAutoConfiguration' existing class 'org.springframework.boot.autoconfigure.context.ConfigurationPropertiesAutoConfiguration' with enhanced class 'org.springframework.boot.autoconfigure.context.ConfigurationPropertiesAutoConfiguration$$EnhancerBySpringCGLIB$$a038b87b'
18:57:53.429 [Test worker] DEBUG org.springframework.context.annotation.ConfigurationClassEnhancer - Successfully enhanced org.springframework.boot.autoconfigure.info.ProjectInfoAutoConfiguration; enhanced class name is: org.springframework.boot.autoconfigure.info.ProjectInfoAutoConfiguration$$EnhancerBySpringCGLIB$$eca93a46
18:57:53.429 [Test worker] DEBUG org.springframework.context.annotation.ConfigurationClassPostProcessor - Replacing bean definition 'org.springframework.boot.autoconfigure.info.ProjectInfoAutoConfiguration' existing class 'org.springframework.boot.autoconfigure.info.ProjectInfoAutoConfiguration' with enhanced class 'org.springframework.boot.autoconfigure.info.ProjectInfoAutoConfiguration$$EnhancerBySpringCGLIB$$eca93a46'
18:57:53.430 [Test worker] DEBUG org.springframework.context.annotation.ConfigurationClassEnhancer - Successfully enhanced org.springframework.boot.autoconfigure.security.reactive.ReactiveSecurityAutoConfiguration; enhanced class name is: org.springframework.boot.autoconfigure.security.reactive.ReactiveSecurityAutoConfiguration$$EnhancerBySpringCGLIB$$130d0bad
18:57:53.430 [Test worker] DEBUG org.springframework.context.annotation.ConfigurationClassPostProcessor - Replacing bean definition 'org.springframework.boot.autoconfigure.security.reactive.ReactiveSecurityAutoConfiguration' existing class 'org.springframework.boot.autoconfigure.security.reactive.ReactiveSecurityAutoConfiguration' with enhanced class 'org.springframework.boot.autoconfigure.security.reactive.ReactiveSecurityAutoConfiguration$$EnhancerBySpringCGLIB$$130d0bad'
18:57:53.432 [Test worker] DEBUG org.springframework.context.annotation.ConfigurationClassEnhancer - Successfully enhanced org.springframework.boot.autoconfigure.web.embedded.EmbeddedWebServerFactoryCustomizerAutoConfiguration; enhanced class name is: org.springframework.boot.autoconfigure.web.embedded.EmbeddedWebServerFactoryCustomizerAutoConfiguration$$EnhancerBySpringCGLIB$$c6172d0f
18:57:53.432 [Test worker] DEBUG org.springframework.context.annotation.ConfigurationClassPostProcessor - Replacing bean definition 'org.springframework.boot.autoconfigure.web.embedded.EmbeddedWebServerFactoryCustomizerAutoConfiguration' existing class 'org.springframework.boot.autoconfigure.web.embedded.EmbeddedWebServerFactoryCustomizerAutoConfiguration' with enhanced class 'org.springframework.boot.autoconfigure.web.embedded.EmbeddedWebServerFactoryCustomizerAutoConfiguration$$EnhancerBySpringCGLIB$$c6172d0f'
18:57:53.434 [Test worker] DEBUG org.springframework.beans.factory.support.DefaultListableBeanFactory - Creating shared instance of singleton bean 'propertySourcesPlaceholderConfigurer'
18:57:53.434 [Test worker] DEBUG org.springframework.beans.factory.support.DefaultListableBeanFactory - Creating instance of bean 'propertySourcesPlaceholderConfigurer'
18:57:53.436 [Test worker] DEBUG org.springframework.beans.factory.support.DefaultListableBeanFactory - Eagerly caching bean 'propertySourcesPlaceholderConfigurer' to allow for resolving potential circular references
18:57:53.453 [Test worker] DEBUG org.springframework.beans.factory.support.DefaultListableBeanFactory - Finished creating instance of bean 'propertySourcesPlaceholderConfigurer'
18:57:53.453 [Test worker] DEBUG org.springframework.core.env.MutablePropertySources - Adding PropertySource 'environmentProperties' with lowest search precedence
18:57:53.454 [Test worker] DEBUG org.springframework.core.env.MutablePropertySources - Adding PropertySource 'localProperties' with lowest search precedence
18:57:53.455 [Test worker] DEBUG org.springframework.beans.factory.support.DefaultListableBeanFactory - Creating shared instance of singleton bean 'org.springframework.boot.context.properties.ConfigurationBeanFactoryMetadata'
18:57:53.455 [Test worker] DEBUG org.springframework.beans.factory.support.DefaultListableBeanFactory - Creating instance of bean 'org.springframework.boot.context.properties.ConfigurationBeanFactoryMetadata'
18:57:53.455 [Test worker] DEBUG org.springframework.beans.factory.support.DefaultListableBeanFactory - Eagerly caching bean 'org.springframework.boot.context.properties.ConfigurationBeanFactoryMetadata' to allow for resolving potential circular references
18:57:53.456 [Test worker] DEBUG org.springframework.beans.factory.support.DefaultListableBeanFactory - Finished creating instance of bean 'org.springframework.boot.context.properties.ConfigurationBeanFactoryMetadata'
18:57:53.459 [Test worker] DEBUG org.springframework.beans.factory.support.DefaultListableBeanFactory - Creating shared instance of singleton bean 'org.springframework.context.annotation.internalAutowiredAnnotationProcessor'
18:57:53.459 [Test worker] DEBUG org.springframework.beans.factory.support.DefaultListableBeanFactory - Creating instance of bean 'org.springframework.context.annotation.internalAutowiredAnnotationProcessor'
18:57:53.459 [Test worker] DEBUG org.springframework.beans.factory.support.DefaultListableBeanFactory - Eagerly caching bean 'org.springframework.context.annotation.internalAutowiredAnnotationProcessor' to allow for resolving potential circular references
18:57:53.463 [Test worker] DEBUG org.springframework.beans.factory.support.DefaultListableBeanFactory - Finished creating instance of bean 'org.springframework.context.annotation.internalAutowiredAnnotationProcessor'
18:57:53.463 [Test worker] DEBUG org.springframework.beans.factory.support.DefaultListableBeanFactory - Creating shared instance of singleton bean 'org.springframework.context.annotation.internalRequiredAnnotationProcessor'
18:57:53.463 [Test worker] DEBUG org.springframework.beans.factory.support.DefaultListableBeanFactory - Creating instance of bean 'org.springframework.context.annotation.internalRequiredAnnotationProcessor'
18:57:53.464 [Test worker] DEBUG org.springframework.beans.factory.support.DefaultListableBeanFactory - Eagerly caching bean 'org.springframework.context.annotation.internalRequiredAnnotationProcessor' to allow for resolving potential circular references
18:57:53.465 [Test worker] DEBUG org.springframework.beans.factory.support.DefaultListableBeanFactory - Finished creating instance of bean 'org.springframework.context.annotation.internalRequiredAnnotationProcessor'
18:57:53.465 [Test worker] DEBUG org.springframework.beans.factory.support.DefaultListableBeanFactory - Creating shared instance of singleton bean 'org.springframework.context.annotation.internalCommonAnnotationProcessor'
18:57:53.465 [Test worker] DEBUG org.springframework.beans.factory.support.DefaultListableBeanFactory - Creating instance of bean 'org.springframework.context.annotation.internalCommonAnnotationProcessor'
18:57:53.467 [Test worker] DEBUG org.springframework.beans.factory.support.DefaultListableBeanFactory - Eagerly caching bean 'org.springframework.context.annotation.internalCommonAnnotationProcessor' to allow for resolving potential circular references
18:57:53.471 [Test worker] DEBUG org.springframework.beans.factory.support.DefaultListableBeanFactory - Finished creating instance of bean 'org.springframework.context.annotation.internalCommonAnnotationProcessor'
18:57:53.471 [Test worker] DEBUG org.springframework.beans.factory.support.DefaultListableBeanFactory - Creating shared instance of singleton bean 'org.springframework.boot.context.properties.ConfigurationPropertiesBindingPostProcessor'
18:57:53.471 [Test worker] DEBUG org.springframework.beans.factory.support.DefaultListableBeanFactory - Creating instance of bean 'org.springframework.boot.context.properties.ConfigurationPropertiesBindingPostProcessor'
18:57:53.471 [Test worker] DEBUG org.springframework.beans.factory.support.DefaultListableBeanFactory - Eagerly caching bean 'org.springframework.boot.context.properties.ConfigurationPropertiesBindingPostProcessor' to allow for resolving potential circular references
18:57:53.474 [Test worker] DEBUG org.springframework.beans.factory.support.DefaultListableBeanFactory - Invoking afterPropertiesSet() on bean with name 'org.springframework.boot.context.properties.ConfigurationPropertiesBindingPostProcessor'
18:57:53.474 [Test worker] DEBUG org.springframework.beans.factory.support.DefaultListableBeanFactory - Returning cached instance of singleton bean 'org.springframework.boot.context.properties.ConfigurationBeanFactoryMetadata'
18:57:53.475 [Test worker] DEBUG org.springframework.beans.factory.support.DefaultListableBeanFactory - Returning cached instance of singleton bean 'propertySourcesPlaceholderConfigurer'
18:57:53.476 [Test worker] DEBUG org.springframework.beans.factory.support.DefaultListableBeanFactory - Finished creating instance of bean 'org.springframework.boot.context.properties.ConfigurationPropertiesBindingPostProcessor'
18:57:53.477 [Test worker] DEBUG org.springframework.context.annotation.AnnotationConfigApplicationContext - Unable to locate MessageSource with name 'messageSource': using default [org.springframework.context.support.DelegatingMessageSource@712c6e60]
18:57:53.479 [Test worker] DEBUG org.springframework.context.annotation.AnnotationConfigApplicationContext - Unable to locate ApplicationEventMulticaster with name 'applicationEventMulticaster': using default [org.springframework.context.event.SimpleApplicationEventMulticaster@714b00cd]
18:57:53.479 [Test worker] DEBUG org.springframework.beans.factory.support.DefaultListableBeanFactory - Pre-instantiating singletons in org.springframework.beans.factory.support.DefaultListableBeanFactory@6a1bc337: defining beans [org.springframework.context.annotation.internalConfigurationAnnotationProcessor,org.springframework.context.annotation.internalAutowiredAnnotationProcessor,org.springframework.context.annotation.internalRequiredAnnotationProcessor,org.springframework.context.annotation.internalCommonAnnotationProcessor,org.springframework.context.event.internalEventListenerProcessor,org.springframework.context.event.internalEventListenerFactory,calculator,display,forumUser,library,libraryConfig,libraryDbController,boardConfig,readerConfig,circle,shapesFactory,triangle,springRunner,getBoard,to Do List,in Progress List,done List,getReader,book1,createSquare,chosenShape,org.springframework.boot.autoconfigure.AutoConfigurationPackages,org.springframework.boot.autoconfigure.context.PropertyPlaceholderAutoConfiguration,org.springframework.boot.autoconfigure.condition.BeanTypeRegistry,propertySourcesPlaceholderConfigurer,org.springframework.boot.autoconfigure.jmx.JmxAutoConfiguration,mbeanExporter,objectNamingStrategy,mbeanServer,org.springframework.boot.autoconfigure.context.ConfigurationPropertiesAutoConfiguration,org.springframework.boot.context.properties.ConfigurationPropertiesBindingPostProcessor,org.springframework.boot.context.properties.ConfigurationBeanFactoryMetadata,org.springframework.boot.autoconfigure.info.ProjectInfoAutoConfiguration,spring.info-org.springframework.boot.autoconfigure.info.ProjectInfoProperties,org.springframework.boot.autoconfigure.security.reactive.ReactiveSecurityAutoConfiguration,spring.security-org.springframework.boot.autoconfigure.security.SecurityProperties,org.springframework.boot.autoconfigure.web.embedded.EmbeddedWebServerFactoryCustomizerAutoConfiguration,server-org.springframework.boot.autoconfigure.web.ServerProperties]; root of factory hierarchy
18:57:53.480 [Test worker] DEBUG org.springframework.beans.factory.support.DefaultListableBeanFactory - Returning cached instance of singleton bean 'org.springframework.context.annotation.internalConfigurationAnnotationProcessor'
18:57:53.480 [Test worker] DEBUG org.springframework.beans.factory.support.DefaultListableBeanFactory - Returning cached instance of singleton bean 'org.springframework.context.annotation.internalAutowiredAnnotationProcessor'
18:57:53.480 [Test worker] DEBUG org.springframework.beans.factory.support.DefaultListableBeanFactory - Returning cached instance of singleton bean 'org.springframework.context.annotation.internalRequiredAnnotationProcessor'
18:57:53.480 [Test worker] DEBUG org.springframework.beans.factory.support.DefaultListableBeanFactory - Returning cached instance of singleton bean 'org.springframework.context.annotation.internalCommonAnnotationProcessor'
18:57:53.480 [Test worker] DEBUG org.springframework.beans.factory.support.DefaultListableBeanFactory - Creating shared instance of singleton bean 'org.springframework.context.event.internalEventListenerProcessor'
18:57:53.480 [Test worker] DEBUG org.springframework.beans.factory.support.DefaultListableBeanFactory - Creating instance of bean 'org.springframework.context.event.internalEventListenerProcessor'
18:57:53.486 [Test worker] DEBUG org.springframework.beans.factory.support.DefaultListableBeanFactory - Eagerly caching bean 'org.springframework.context.event.internalEventListenerProcessor' to allow for resolving potential circular references
18:57:53.488 [Test worker] DEBUG org.springframework.beans.factory.support.DefaultListableBeanFactory - Finished creating instance of bean 'org.springframework.context.event.internalEventListenerProcessor'
18:57:53.488 [Test worker] DEBUG org.springframework.beans.factory.support.DefaultListableBeanFactory - Creating shared instance of singleton bean 'org.springframework.context.event.internalEventListenerFactory'
18:57:53.488 [Test worker] DEBUG org.springframework.beans.factory.support.DefaultListableBeanFactory - Creating instance of bean 'org.springframework.context.event.internalEventListenerFactory'
18:57:53.488 [Test worker] DEBUG org.springframework.beans.factory.support.DefaultListableBeanFactory - Eagerly caching bean 'org.springframework.context.event.internalEventListenerFactory' to allow for resolving potential circular references
18:57:53.490 [Test worker] DEBUG org.springframework.beans.factory.support.DefaultListableBeanFactory - Finished creating instance of bean 'org.springframework.context.event.internalEventListenerFactory'
18:57:53.491 [Test worker] DEBUG org.springframework.beans.factory.support.DefaultListableBeanFactory - Creating shared instance of singleton bean 'calculator'
18:57:53.491 [Test worker] DEBUG org.springframework.beans.factory.support.DefaultListableBeanFactory - Creating instance of bean 'calculator'
18:57:53.493 [Test worker] DEBUG org.springframework.beans.factory.annotation.InjectionMetadata - Registered injected element on class [com.kodilla.spring.calculator.Calculator]: AutowiredFieldElement for com.kodilla.spring.calculator.Display com.kodilla.spring.calculator.Calculator.display
18:57:53.493 [Test worker] DEBUG org.springframework.beans.factory.support.DefaultListableBeanFactory - Eagerly caching bean 'calculator' to allow for resolving potential circular references
18:57:53.494 [Test worker] DEBUG org.springframework.beans.factory.annotation.InjectionMetadata - Processing injected element of bean 'calculator': AutowiredFieldElement for com.kodilla.spring.calculator.Display com.kodilla.spring.calculator.Calculator.display
18:57:53.495 [Test worker] DEBUG org.springframework.core.annotation.AnnotationUtils - Failed to meta-introspect annotation interface org.springframework.beans.factory.annotation.Autowired: java.lang.NullPointerException
18:57:53.496 [Test worker] DEBUG org.springframework.beans.factory.support.DefaultListableBeanFactory - Creating shared instance of singleton bean 'display'
18:57:53.497 [Test worker] DEBUG org.springframework.beans.factory.support.DefaultListableBeanFactory - Creating instance of bean 'display'
18:57:53.497 [Test worker] DEBUG org.springframework.beans.factory.support.DefaultListableBeanFactory - Eagerly caching bean 'display' to allow for resolving potential circular references
18:57:53.498 [Test worker] DEBUG org.springframework.beans.factory.support.DefaultListableBeanFactory - Finished creating instance of bean 'display'
18:57:53.498 [Test worker] DEBUG org.springframework.beans.factory.annotation.AutowiredAnnotationBeanPostProcessor - Autowiring by type from bean name 'calculator' to bean named 'display'
18:57:53.499 [Test worker] DEBUG org.springframework.beans.factory.support.DefaultListableBeanFactory - Finished creating instance of bean 'calculator'
18:57:53.499 [Test worker] DEBUG org.springframework.beans.factory.support.DefaultListableBeanFactory - Returning cached instance of singleton bean 'display'
18:57:53.499 [Test worker] DEBUG org.springframework.beans.factory.support.DefaultListableBeanFactory - Creating shared instance of singleton bean 'forumUser'
18:57:53.499 [Test worker] DEBUG org.springframework.beans.factory.support.DefaultListableBeanFactory - Creating instance of bean 'forumUser'
18:57:53.499 [Test worker] DEBUG org.springframework.beans.factory.support.DefaultListableBeanFactory - Eagerly caching bean 'forumUser' to allow for resolving potential circular references
[...]
18:57:53.552 [Test worker] DEBUG org.springframework.beans.factory.support.DefaultListableBeanFactory - Finished creating instance of bean 'getReader'
18:57:53.552 [Test worker] DEBUG org.springframework.beans.factory.support.DefaultListableBeanFactory - Creating shared instance of singleton bean 'createSquare'
18:57:53.552 [Test worker] DEBUG org.springframework.beans.factory.support.DefaultListableBeanFactory - Creating instance of bean 'createSquare'
18:57:53.552 [Test worker] DEBUG org.springframework.beans.factory.support.DefaultListableBeanFactory - Returning cached instance of singleton bean 'shapesFactory'
18:57:53.554 [Test worker] DEBUG org.springframework.beans.factory.support.DefaultListableBeanFactory - Eagerly caching bean 'createSquare' to allow for resolving potential circular references
18:57:53.555 [Test worker] DEBUG org.springframework.beans.factory.support.DefaultListableBeanFactory - Finished creating instance of bean 'createSquare'
18:57:53.556 [Test worker] DEBUG org.springframework.beans.factory.support.DefaultListableBeanFactory - Creating shared instance of singleton bean 'chosenShape'
18:57:53.556 [Test worker] DEBUG org.springframework.beans.factory.support.DefaultListableBeanFactory - Creating instance of bean 'chosenShape'
18:57:53.556 [Test worker] DEBUG org.springframework.beans.factory.support.DefaultListableBeanFactory - Returning cached instance of singleton bean 'shapesFactory'
18:57:53.556 [Test worker] DEBUG org.springframework.beans.factory.support.DefaultListableBeanFactory - Eagerly caching bean 'chosenShape' to allow for resolving potential circular references
18:57:53.556 [Test worker] DEBUG org.springframework.beans.factory.support.DefaultListableBeanFactory - Finished creating instance of bean 'chosenShape'
18:57:53.556 [Test worker] DEBUG org.springframework.beans.factory.support.DefaultListableBeanFactory - Creating shared instance of singleton bean 'org.springframework.boot.autoconfigure.AutoConfigurationPackages'
18:57:53.556 [Test worker] DEBUG org.springframework.beans.factory.support.DefaultListableBeanFactory - Creating instance of bean 'org.springframework.boot.autoconfigure.AutoConfigurationPackages'
18:57:53.557 [Test worker] DEBUG org.springframework.beans.factory.support.DefaultListableBeanFactory - Eagerly caching bean 'org.springframework.boot.autoconfigure.AutoConfigurationPackages' to allow for resolving potential circular references
18:57:53.558 [Test worker] DEBUG org.springframework.beans.factory.support.DefaultListableBeanFactory - Finished creating instance of bean 'org.springframework.boot.autoconfigure.AutoConfigurationPackages'
18:57:53.558 [Test worker] DEBUG org.springframework.beans.factory.support.DefaultListableBeanFactory - Creating shared instance of singleton bean 'org.springframework.boot.autoconfigure.context.PropertyPlaceholderAutoConfiguration'
18:57:53.558 [Test worker] DEBUG org.springframework.beans.factory.support.DefaultListableBeanFactory - Creating instance of bean 'org.springframework.boot.autoconfigure.context.PropertyPlaceholderAutoConfiguration'
18:57:53.558 [Test worker] DEBUG org.springframework.beans.factory.support.DefaultListableBeanFactory - Eagerly caching bean 'org.springframework.boot.autoconfigure.context.PropertyPlaceholderAutoConfiguration' to allow for resolving potential circular references
18:57:53.561 [Test worker] DEBUG org.springframework.beans.factory.support.DefaultListableBeanFactory - Finished creating instance of bean 'org.springframework.boot.autoconfigure.context.PropertyPlaceholderAutoConfiguration'
18:57:53.561 [Test worker] DEBUG org.springframework.beans.factory.support.DefaultListableBeanFactory - Returning cached instance of singleton bean 'org.springframework.boot.autoconfigure.condition.BeanTypeRegistry'
18:57:53.561 [Test worker] DEBUG org.springframework.beans.factory.support.DefaultListableBeanFactory - Returning cached instance of singleton bean 'propertySourcesPlaceholderConfigurer'
18:57:53.561 [Test worker] DEBUG org.springframework.beans.factory.support.DefaultListableBeanFactory - Creating shared instance of singleton bean 'org.springframework.boot.autoconfigure.jmx.JmxAutoConfiguration'
18:57:53.561 [Test worker] DEBUG org.springframework.beans.factory.support.DefaultListableBeanFactory - Creating instance of bean 'org.springframework.boot.autoconfigure.jmx.JmxAutoConfiguration'
18:57:53.562 [Test worker] DEBUG org.springframework.beans.factory.support.DefaultListableBeanFactory - Eagerly caching bean 'org.springframework.boot.autoconfigure.jmx.JmxAutoConfiguration' to allow for resolving potential circular references
18:57:53.567 [Test worker] DEBUG org.springframework.beans.factory.support.DefaultListableBeanFactory - Finished creating instance of bean 'org.springframework.boot.autoconfigure.jmx.JmxAutoConfiguration'
18:57:53.568 [Test worker] DEBUG org.springframework.beans.factory.support.DefaultListableBeanFactory - Creating shared instance of singleton bean 'mbeanExporter'
18:57:53.568 [Test worker] DEBUG org.springframework.beans.factory.support.DefaultListableBeanFactory - Creating instance of bean 'mbeanExporter'
18:57:53.568 [Test worker] DEBUG org.springframework.beans.factory.support.DefaultListableBeanFactory - Returning cached instance of singleton bean 'org.springframework.boot.autoconfigure.jmx.JmxAutoConfiguration'
18:57:53.568 [Test worker] DEBUG org.springframework.beans.factory.support.DefaultListableBeanFactory - Creating shared instance of singleton bean 'objectNamingStrategy'
18:57:53.568 [Test worker] DEBUG org.springframework.beans.factory.support.DefaultListableBeanFactory - Creating instance of bean 'objectNamingStrategy'
18:57:53.569 [Test worker] DEBUG org.springframework.beans.factory.support.DefaultListableBeanFactory - Returning cached instance of singleton bean 'org.springframework.boot.autoconfigure.jmx.JmxAutoConfiguration'
18:57:53.578 [Test worker] DEBUG org.springframework.core.env.PropertySourcesPropertyResolver - Could not find key 'spring.jmx.default-domain' in any property source
18:57:53.580 [Test worker] DEBUG org.springframework.beans.factory.support.DefaultListableBeanFactory - Eagerly caching bean 'objectNamingStrategy' to allow for resolving potential circular references
18:57:53.582 [Test worker] DEBUG org.springframework.beans.factory.support.DefaultListableBeanFactory - Invoking afterPropertiesSet() on bean with name 'objectNamingStrategy'
18:57:53.582 [Test worker] DEBUG org.springframework.beans.factory.support.DefaultListableBeanFactory - Finished creating instance of bean 'objectNamingStrategy'
18:57:53.588 [Test worker] DEBUG org.springframework.beans.factory.support.DefaultListableBeanFactory - Autowiring by type from bean name 'mbeanExporter' via factory method to bean named 'objectNamingStrategy'
18:57:53.595 [Test worker] DEBUG org.springframework.core.env.PropertySourcesPropertyResolver - Could not find key 'spring.jmx.server' in any property source
18:57:53.595 [Test worker] DEBUG org.springframework.beans.factory.support.DefaultListableBeanFactory - Creating shared instance of singleton bean 'mbeanServer'
18:57:53.595 [Test worker] DEBUG org.springframework.beans.factory.support.DefaultListableBeanFactory - Creating instance of bean 'mbeanServer'
18:57:53.595 [Test worker] DEBUG org.springframework.beans.factory.support.DefaultListableBeanFactory - Returning cached instance of singleton bean 'org.springframework.boot.autoconfigure.jmx.JmxAutoConfiguration'
18:57:53.638 [Test worker] DEBUG org.springframework.jmx.support.JmxUtils - Found MBeanServer: com.sun.jmx.mbeanserver.JmxMBeanServer@79cbed0a
18:57:53.640 [Test worker] DEBUG org.springframework.beans.factory.support.DefaultListableBeanFactory - Eagerly caching bean 'mbeanServer' to allow for resolving potential circular references
18:57:53.642 [Test worker] DEBUG org.springframework.beans.factory.support.DefaultListableBeanFactory - Finished creating instance of bean 'mbeanServer'
18:57:53.644 [Test worker] DEBUG org.springframework.beans.factory.support.DefaultListableBeanFactory - Eagerly caching bean 'mbeanExporter' to allow for resolving potential circular references
18:57:53.652 [Test worker] DEBUG org.springframework.beans.factory.support.DefaultListableBeanFactory - Invoking afterPropertiesSet() on bean with name 'mbeanExporter'
18:57:53.652 [Test worker] DEBUG org.springframework.beans.factory.support.DefaultListableBeanFactory - Finished creating instance of bean 'mbeanExporter'
18:57:53.652 [Test worker] DEBUG org.springframework.beans.factory.support.DefaultListableBeanFactory - Returning cached instance of singleton bean 'objectNamingStrategy'
18:57:53.652 [Test worker] DEBUG org.springframework.beans.factory.support.DefaultListableBeanFactory - Returning cached instance of singleton bean 'mbeanServer'
18:57:53.652 [Test worker] DEBUG org.springframework.beans.factory.support.DefaultListableBeanFactory - Creating shared instance of singleton bean 'org.springframework.boot.autoconfigure.context.ConfigurationPropertiesAutoConfiguration'
18:57:53.652 [Test worker] DEBUG org.springframework.beans.factory.support.DefaultListableBeanFactory - Creating instance of bean 'org.springframework.boot.autoconfigure.context.ConfigurationPropertiesAutoConfiguration'
18:57:53.653 [Test worker] DEBUG org.springframework.beans.factory.support.DefaultListableBeanFactory - Eagerly caching bean 'org.springframework.boot.autoconfigure.context.ConfigurationPropertiesAutoConfiguration' to allow for resolving potential circular references
18:57:53.655 [Test worker] DEBUG org.springframework.beans.factory.support.DefaultListableBeanFactory - Finished creating instance of bean 'org.springframework.boot.autoconfigure.context.ConfigurationPropertiesAutoConfiguration'
18:57:53.656 [Test worker] DEBUG org.springframework.beans.factory.support.DefaultListableBeanFactory - Returning cached instance of singleton bean 'org.springframework.boot.context.properties.ConfigurationPropertiesBindingPostProcessor'
18:57:53.656 [Test worker] DEBUG org.springframework.beans.factory.support.DefaultListableBeanFactory - Returning cached instance of singleton bean 'org.springframework.boot.context.properties.ConfigurationBeanFactoryMetadata'
18:57:53.656 [Test worker] DEBUG org.springframework.beans.factory.support.DefaultListableBeanFactory - Creating shared instance of singleton bean 'org.springframework.boot.autoconfigure.info.ProjectInfoAutoConfiguration'
18:57:53.656 [Test worker] DEBUG org.springframework.beans.factory.support.DefaultListableBeanFactory - Creating instance of bean 'org.springframework.boot.autoconfigure.info.ProjectInfoAutoConfiguration'
18:57:53.656 [Test worker] DEBUG org.springframework.core.LocalVariableTableParameterNameDiscoverer - Cannot find '.class' file for class [class org.springframework.boot.autoconfigure.info.ProjectInfoAutoConfiguration$$EnhancerBySpringCGLIB$$eca93a46] - unable to determine constructor/method parameter names
18:57:53.657 [Test worker] DEBUG org.springframework.beans.factory.support.DefaultListableBeanFactory - Creating shared instance of singleton bean 'spring.info-org.springframework.boot.autoconfigure.info.ProjectInfoProperties'
18:57:53.657 [Test worker] DEBUG org.springframework.beans.factory.support.DefaultListableBeanFactory - Creating instance of bean 'spring.info-org.springframework.boot.autoconfigure.info.ProjectInfoProperties'
18:57:53.657 [Test worker] DEBUG org.springframework.beans.factory.support.DefaultListableBeanFactory - Eagerly caching bean 'spring.info-org.springframework.boot.autoconfigure.info.ProjectInfoProperties' to allow for resolving potential circular references
18:57:53.660 [Test worker] DEBUG org.springframework.beans.factory.support.DefaultListableBeanFactory - Creating instance of bean 'org.springframework.boot.context.properties.ConversionServiceDeducer$Factory'
18:57:53.663 [Test worker] DEBUG org.springframework.beans.factory.annotation.InjectionMetadata - Registered injected element on class [org.springframework.boot.context.properties.ConversionServiceDeducer$Factory]: AutowiredMethodElement for public void org.springframework.boot.context.properties.ConversionServiceDeducer$Factory.setConverters(java.util.List)
18:57:53.663 [Test worker] DEBUG org.springframework.beans.factory.annotation.InjectionMetadata - Registered injected element on class [org.springframework.boot.context.properties.ConversionServiceDeducer$Factory]: AutowiredMethodElement for public void org.springframework.boot.context.properties.ConversionServiceDeducer$Factory.setGenericConverters(java.util.List)
18:57:53.663 [Test worker] DEBUG org.springframework.beans.factory.annotation.InjectionMetadata - Processing injected element of bean 'org.springframework.boot.context.properties.ConversionServiceDeducer$Factory': AutowiredMethodElement for public void org.springframework.boot.context.properties.ConversionServiceDeducer$Factory.setConverters(java.util.List)
18:57:53.664 [Test worker] DEBUG org.springframework.beans.factory.annotation.InjectionMetadata - Processing injected element of bean 'org.springframework.boot.context.properties.ConversionServiceDeducer$Factory': AutowiredMethodElement for public void org.springframework.boot.context.properties.ConversionServiceDeducer$Factory.setGenericConverters(java.util.List)
18:57:53.665 [Test worker] DEBUG org.springframework.beans.factory.support.DefaultListableBeanFactory - Finished creating instance of bean 'org.springframework.boot.context.properties.ConversionServiceDeducer$Factory'
18:57:53.669 [Test worker] DEBUG org.springframework.beans.factory.support.DefaultListableBeanFactory - Finished creating instance of bean 'spring.info-org.springframework.boot.autoconfigure.info.ProjectInfoProperties'
18:57:53.669 [Test worker] DEBUG org.springframework.beans.factory.support.DefaultListableBeanFactory - Autowiring by type from bean name 'org.springframework.boot.autoconfigure.info.ProjectInfoAutoConfiguration' via constructor to bean named 'spring.info-org.springframework.boot.autoconfigure.info.ProjectInfoProperties'
18:57:53.670 [Test worker] DEBUG org.springframework.beans.factory.support.DefaultListableBeanFactory - Eagerly caching bean 'org.springframework.boot.autoconfigure.info.ProjectInfoAutoConfiguration' to allow for resolving potential circular references
18:57:53.672 [Test worker] DEBUG org.springframework.beans.factory.support.DefaultListableBeanFactory - Finished creating instance of bean 'org.springframework.boot.autoconfigure.info.ProjectInfoAutoConfiguration'
18:57:53.672 [Test worker] DEBUG org.springframework.beans.factory.support.DefaultListableBeanFactory - Returning cached instance of singleton bean 'spring.info-org.springframework.boot.autoconfigure.info.ProjectInfoProperties'
18:57:53.672 [Test worker] DEBUG org.springframework.beans.factory.support.DefaultListableBeanFactory - Creating shared instance of singleton bean 'org.springframework.boot.autoconfigure.security.reactive.ReactiveSecurityAutoConfiguration'
18:57:53.672 [Test worker] DEBUG org.springframework.beans.factory.support.DefaultListableBeanFactory - Creating instance of bean 'org.springframework.boot.autoconfigure.security.reactive.ReactiveSecurityAutoConfiguration'
18:57:53.673 [Test worker] DEBUG org.springframework.beans.factory.support.DefaultListableBeanFactory - Eagerly caching bean 'org.springframework.boot.autoconfigure.security.reactive.ReactiveSecurityAutoConfiguration' to allow for resolving potential circular references
18:57:53.675 [Test worker] DEBUG org.springframework.beans.factory.support.DefaultListableBeanFactory - Finished creating instance of bean 'org.springframework.boot.autoconfigure.security.reactive.ReactiveSecurityAutoConfiguration'
18:57:53.675 [Test worker] DEBUG org.springframework.beans.factory.support.DefaultListableBeanFactory - Creating shared instance of singleton bean 'spring.security-org.springframework.boot.autoconfigure.security.SecurityProperties'
18:57:53.675 [Test worker] DEBUG org.springframework.beans.factory.support.DefaultListableBeanFactory - Creating instance of bean 'spring.security-org.springframework.boot.autoconfigure.security.SecurityProperties'
18:57:53.676 [Test worker] DEBUG org.springframework.beans.factory.support.DefaultListableBeanFactory - Eagerly caching bean 'spring.security-org.springframework.boot.autoconfigure.security.SecurityProperties' to allow for resolving potential circular references
18:57:53.678 [Test worker] DEBUG org.springframework.beans.factory.support.DefaultListableBeanFactory - Finished creating instance of bean 'spring.security-org.springframework.boot.autoconfigure.security.SecurityProperties'
18:57:53.678 [Test worker] DEBUG org.springframework.beans.factory.support.DefaultListableBeanFactory - Creating shared instance of singleton bean 'org.springframework.boot.autoconfigure.web.embedded.EmbeddedWebServerFactoryCustomizerAutoConfiguration'
18:57:53.678 [Test worker] DEBUG org.springframework.beans.factory.support.DefaultListableBeanFactory - Creating instance of bean 'org.springframework.boot.autoconfigure.web.embedded.EmbeddedWebServerFactoryCustomizerAutoConfiguration'
18:57:53.678 [Test worker] DEBUG org.springframework.beans.factory.support.DefaultListableBeanFactory - Eagerly caching bean 'org.springframework.boot.autoconfigure.web.embedded.EmbeddedWebServerFactoryCustomizerAutoConfiguration' to allow for resolving potential circular references
18:57:53.680 [Test worker] DEBUG org.springframework.beans.factory.support.DefaultListableBeanFactory - Finished creating instance of bean 'org.springframework.boot.autoconfigure.web.embedded.EmbeddedWebServerFactoryCustomizerAutoConfiguration'
18:57:53.680 [Test worker] DEBUG org.springframework.beans.factory.support.DefaultListableBeanFactory - Creating shared instance of singleton bean 'server-org.springframework.boot.autoconfigure.web.ServerProperties'
18:57:53.680 [Test worker] DEBUG org.springframework.beans.factory.support.DefaultListableBeanFactory - Creating instance of bean 'server-org.springframework.boot.autoconfigure.web.ServerProperties'
18:57:53.684 [Test worker] DEBUG org.springframework.beans.factory.support.DefaultListableBeanFactory - Eagerly caching bean 'server-org.springframework.boot.autoconfigure.web.ServerProperties' to allow for resolving potential circular references
18:57:53.686 [Test worker] DEBUG org.springframework.beans.factory.support.DefaultListableBeanFactory - Finished creating instance of bean 'server-org.springframework.boot.autoconfigure.web.ServerProperties'
18:57:53.686 [Test worker] DEBUG org.springframework.beans.factory.support.DefaultListableBeanFactory - Returning cached instance of singleton bean 'org.springframework.context.event.internalEventListenerFactory'
18:57:53.697 [Test worker] INFO org.springframework.jmx.export.annotation.AnnotationMBeanExporter - Registering beans for JMX exposure on startup
18:57:53.697 [Test worker] DEBUG org.springframework.jmx.export.annotation.AnnotationMBeanExporter - Autodetecting user-defined JMX MBeans
18:57:53.701 [Test worker] DEBUG org.springframework.context.annotation.AnnotationConfigApplicationContext - Unable to locate LifecycleProcessor with name 'lifecycleProcessor': using default [org.springframework.context.support.DefaultLifecycleProcessor@3bd74280]
18:57:53.701 [Test worker] DEBUG org.springframework.beans.factory.support.DefaultListableBeanFactory - Returning cached instance of singleton bean 'lifecycleProcessor'
18:57:53.704 [Test worker] DEBUG org.springframework.core.env.PropertySourcesPropertyResolver - Could not find key 'spring.liveBeansView.mbeanDomain' in any property source
18:57:53.706 [Test worker] DEBUG org.springframework.beans.factory.support.DefaultListableBeanFactory - Returning cached instance of singleton bean 'calculator'
6.0
5.0
]]></system-out>
  <system-err><![CDATA[]]></system-err>
</testsuite>
